2018-08-29 01:16:15.302 [critical] <0.4676.0>@ejabberd:exit_or_halt:137 failed to start application 'xmpp': {error,
                                     {unable_to_load_nif,
                                      {xmpp,start,[normal,[]]}}}
2018-08-29 01:28:26.668 [critical] <0.2193.0>@ejabberd:exit_or_halt:137 failed to start application 'xmpp': {error,
                                     {unable_to_load_nif,
                                      {xmpp,start,[normal,[]]}}}
2018-08-29 13:11:46.897 [critical] <0.8584.0>@ejabberd:exit_or_halt:137 failed to start application 'xmpp': {error,
                                     {unable_to_load_nif,
                                      {xmpp,start,[normal,[]]}}}
2018-09-12 20:17:15.703 [critical] <0.2435.0>@gen_mod:start_module:227 Failed to start unknown module mod_vrecho: make sure there is no typo and mod_vrecho.beam exists inside either /Users/vipinravindran/Work/gram/step/ejabberd/_build/dev/lib/ejabberd/ebin or /Users/vipinravindran/.ejabberd-modules directory
2018-09-12 20:17:15.703 [critical] <0.2435.0>@gen_mod:maybe_halt_ejabberd:310 ejabberd initialization was aborted because a module start failed.
2018-09-17 17:10:47.858 [error] <0.11428.0>@ejabberd_cassandra:connect:198 Error connecting {badmatch,{error,badarg}}
2018-09-17 17:10:47.858 [error] <0.11426.0>@ejabberd_cassandra:connect:198 Error connecting {badmatch,{error,badarg}}
2018-09-17 17:10:47.858 [error] <0.11428.0>@ejabberd_cassandra:handle_info:162 Error happened: {badmatch,{error,badarg}}
2018-09-17 17:10:47.858 [error] <0.11426.0>@ejabberd_cassandra:handle_info:162 Error happened: {badmatch,{error,badarg}}
2018-09-17 17:10:47.859 [error] <0.11429.0>@ejabberd_cassandra:connect:198 Error connecting {badmatch,{error,badarg}}
2018-09-17 17:10:47.859 [error] <0.11427.0>@ejabberd_cassandra:connect:198 Error connecting {badmatch,{error,badarg}}
2018-09-17 17:10:47.859 [error] <0.11429.0>@ejabberd_cassandra:handle_info:162 Error happened: {badmatch,{error,badarg}}
2018-09-17 17:10:47.859 [error] <0.11427.0>@ejabberd_cassandra:handle_info:162 Error happened: {badmatch,{error,badarg}}
2018-09-17 17:10:47.859 [error] <0.11431.0>@ejabberd_cassandra:connect:198 Error connecting {badmatch,{error,badarg}}
2018-09-17 17:10:47.859 [error] <0.11430.0>@ejabberd_cassandra:connect:198 Error connecting {badmatch,{error,badarg}}
2018-09-17 17:10:47.859 [error] <0.11431.0>@ejabberd_cassandra:handle_info:162 Error happened: {badmatch,{error,badarg}}
2018-09-17 17:10:47.859 [error] <0.11430.0>@ejabberd_cassandra:handle_info:162 Error happened: {badmatch,{error,badarg}}
2018-09-17 17:10:47.859 [error] <0.11434.0>@ejabberd_cassandra:connect:198 Error connecting {badmatch,{error,badarg}}
2018-09-17 17:10:47.859 [error] <0.11432.0>@ejabberd_cassandra:connect:198 Error connecting {badmatch,{error,badarg}}
2018-09-17 17:10:47.859 [error] <0.11434.0>@ejabberd_cassandra:handle_info:162 Error happened: {badmatch,{error,badarg}}
2018-09-17 17:10:47.859 [error] <0.11432.0>@ejabberd_cassandra:handle_info:162 Error happened: {badmatch,{error,badarg}}
2018-09-17 17:10:47.859 [error] <0.11433.0>@ejabberd_cassandra:connect:198 Error connecting {badmatch,{error,badarg}}
2018-09-17 17:10:47.859 [error] <0.11433.0>@ejabberd_cassandra:handle_info:162 Error happened: {badmatch,{error,badarg}}
2018-09-17 17:10:47.859 [error] <0.11435.0>@ejabberd_cassandra:connect:198 Error connecting {badmatch,{error,badarg}}
2018-09-17 17:10:47.859 [error] <0.11435.0>@ejabberd_cassandra:handle_info:162 Error happened: {badmatch,{error,badarg}}
2018-09-17 17:10:47.860 [error] <0.11445.0>@ejabberd_cassandra:connect:198 Error connecting {badmatch,{error,badarg}}
2018-09-17 17:10:47.861 [error] <0.11445.0>@ejabberd_cassandra:handle_info:162 Error happened: {badmatch,{error,badarg}}
2018-09-17 17:10:47.861 [error] <0.11446.0>@ejabberd_cassandra:connect:198 Error connecting {badmatch,{error,badarg}}
2018-09-17 17:10:47.861 [error] <0.11446.0>@ejabberd_cassandra:handle_info:162 Error happened: {badmatch,{error,badarg}}
2018-09-17 17:10:47.862 [error] <0.11447.0>@ejabberd_cassandra:connect:198 Error connecting {badmatch,{error,badarg}}
2018-09-17 17:10:47.862 [error] <0.11447.0>@ejabberd_cassandra:handle_info:162 Error happened: {badmatch,{error,badarg}}
2018-09-17 17:10:47.862 [error] <0.11448.0>@ejabberd_cassandra:connect:198 Error connecting {badmatch,{error,badarg}}
2018-09-17 17:10:47.862 [error] <0.11448.0>@ejabberd_cassandra:handle_info:162 Error happened: {badmatch,{error,badarg}}
2018-09-17 17:10:47.863 [error] <0.11449.0>@ejabberd_cassandra:connect:198 Error connecting {badmatch,{error,badarg}}
2018-09-17 17:10:47.863 [error] <0.11449.0>@ejabberd_cassandra:handle_info:162 Error happened: {badmatch,{error,badarg}}
2018-09-17 17:10:47.863 [error] <0.11450.0>@ejabberd_cassandra:connect:198 Error connecting {badmatch,{error,badarg}}
2018-09-17 17:10:47.863 [error] <0.11450.0>@ejabberd_cassandra:handle_info:162 Error happened: {badmatch,{error,badarg}}
2018-09-17 17:10:47.864 [error] <0.11451.0>@ejabberd_cassandra:connect:198 Error connecting {badmatch,{error,badarg}}
2018-09-17 17:10:47.864 [error] <0.11451.0>@ejabberd_cassandra:handle_info:162 Error happened: {badmatch,{error,badarg}}
2018-09-17 17:10:47.864 [error] <0.11452.0>@ejabberd_cassandra:connect:198 Error connecting {badmatch,{error,badarg}}
2018-09-17 17:10:47.864 [error] <0.11452.0>@ejabberd_cassandra:handle_info:162 Error happened: {badmatch,{error,badarg}}
2018-09-17 17:10:47.865 [error] <0.11453.0>@ejabberd_cassandra:connect:198 Error connecting {badmatch,{error,badarg}}
2018-09-17 17:10:47.865 [error] <0.11453.0>@ejabberd_cassandra:handle_info:162 Error happened: {badmatch,{error,badarg}}
2018-09-17 17:10:47.865 [error] <0.11454.0>@ejabberd_cassandra:connect:198 Error connecting {badmatch,{error,badarg}}
2018-09-17 17:10:47.865 [error] <0.11454.0>@ejabberd_cassandra:handle_info:162 Error happened: {badmatch,{error,badarg}}
2018-09-17 17:10:47.866 [error] <0.11455.0>@ejabberd_cassandra:connect:198 Error connecting {badmatch,{error,badarg}}
2018-09-17 17:10:47.866 [error] <0.11455.0>@ejabberd_cassandra:handle_info:162 Error happened: {badmatch,{error,badarg}}
2018-09-17 17:10:47.867 [error] <0.11456.0>@ejabberd_cassandra:connect:198 Error connecting {badmatch,{error,badarg}}
2018-09-17 17:10:47.867 [error] <0.11456.0>@ejabberd_cassandra:handle_info:162 Error happened: {badmatch,{error,badarg}}
2018-09-17 17:10:47.867 [error] <0.11457.0>@ejabberd_cassandra:connect:198 Error connecting {badmatch,{error,badarg}}
2018-09-17 17:10:47.867 [error] <0.11457.0>@ejabberd_cassandra:handle_info:162 Error happened: {badmatch,{error,badarg}}
2018-09-17 17:10:47.868 [error] <0.11458.0>@ejabberd_cassandra:connect:198 Error connecting {badmatch,{error,badarg}}
2018-09-17 17:10:47.868 [error] <0.11458.0>@ejabberd_cassandra:handle_info:162 Error happened: {badmatch,{error,badarg}}
2018-09-17 17:10:47.868 [error] <0.11459.0>@ejabberd_cassandra:connect:198 Error connecting {badmatch,{error,badarg}}
2018-09-17 17:10:47.868 [error] <0.11459.0>@ejabberd_cassandra:handle_info:162 Error happened: {badmatch,{error,badarg}}
2018-09-17 17:10:47.869 [error] <0.11460.0>@ejabberd_cassandra:connect:198 Error connecting {badmatch,{error,badarg}}
2018-09-17 17:10:47.869 [error] <0.11460.0>@ejabberd_cassandra:handle_info:162 Error happened: {badmatch,{error,badarg}}
2018-09-17 17:10:47.869 [error] <0.11461.0>@ejabberd_cassandra:connect:198 Error connecting {badmatch,{error,badarg}}
2018-09-17 17:10:47.869 [error] <0.11461.0>@ejabberd_cassandra:handle_info:162 Error happened: {badmatch,{error,badarg}}
2018-09-17 17:10:47.870 [error] <0.11462.0>@ejabberd_cassandra:connect:198 Error connecting {badmatch,{error,badarg}}
2018-09-17 17:10:47.870 [error] <0.11462.0>@ejabberd_cassandra:handle_info:162 Error happened: {badmatch,{error,badarg}}
2018-09-17 17:10:47.870 [error] <0.11463.0>@ejabberd_cassandra:connect:198 Error connecting {badmatch,{error,badarg}}
2018-09-17 17:10:47.870 [error] <0.11463.0>@ejabberd_cassandra:handle_info:162 Error happened: {badmatch,{error,badarg}}
2018-09-17 17:10:47.871 [error] <0.11464.0>@ejabberd_cassandra:connect:198 Error connecting {badmatch,{error,badarg}}
2018-09-17 17:10:47.871 [error] <0.11464.0>@ejabberd_cassandra:handle_info:162 Error happened: {badmatch,{error,badarg}}
2018-09-17 17:10:47.871 [error] <0.11465.0>@ejabberd_cassandra:connect:198 Error connecting {badmatch,{error,badarg}}
2018-09-17 17:10:47.871 [error] <0.11465.0>@ejabberd_cassandra:handle_info:162 Error happened: {badmatch,{error,badarg}}
2018-09-17 17:10:47.872 [error] <0.11466.0>@ejabberd_cassandra:connect:198 Error connecting {badmatch,{error,badarg}}
2018-09-17 17:10:47.872 [error] <0.11466.0>@ejabberd_cassandra:handle_info:162 Error happened: {badmatch,{error,badarg}}
2018-09-17 17:10:47.872 [error] <0.11467.0>@ejabberd_cassandra:connect:198 Error connecting {badmatch,{error,badarg}}
2018-09-17 17:10:47.872 [error] <0.11467.0>@ejabberd_cassandra:handle_info:162 Error happened: {badmatch,{error,badarg}}
2018-09-17 17:10:47.872 [error] <0.11468.0>@ejabberd_cassandra:connect:198 Error connecting {badmatch,{error,badarg}}
2018-09-17 17:10:47.872 [error] <0.11468.0>@ejabberd_cassandra:handle_info:162 Error happened: {badmatch,{error,badarg}}
2018-09-17 17:10:47.873 [error] <0.11469.0>@ejabberd_cassandra:connect:198 Error connecting {badmatch,{error,badarg}}
2018-09-17 17:10:47.873 [error] <0.11469.0>@ejabberd_cassandra:handle_info:162 Error happened: {badmatch,{error,badarg}}
2018-09-17 17:10:47.873 [error] <0.11470.0>@ejabberd_cassandra:connect:198 Error connecting {badmatch,{error,badarg}}
2018-09-17 17:10:47.873 [error] <0.11470.0>@ejabberd_cassandra:handle_info:162 Error happened: {badmatch,{error,badarg}}
2018-09-17 17:10:47.874 [error] <0.11471.0>@ejabberd_cassandra:connect:198 Error connecting {badmatch,{error,badarg}}
2018-09-17 17:10:47.874 [error] <0.11471.0>@ejabberd_cassandra:handle_info:162 Error happened: {badmatch,{error,badarg}}
2018-09-17 17:10:47.874 [error] <0.11472.0>@ejabberd_cassandra:connect:198 Error connecting {badmatch,{error,badarg}}
2018-09-17 17:10:47.874 [error] <0.11472.0>@ejabberd_cassandra:handle_info:162 Error happened: {badmatch,{error,badarg}}
2018-09-17 17:10:47.875 [error] <0.11473.0>@ejabberd_cassandra:connect:198 Error connecting {badmatch,{error,badarg}}
2018-09-17 17:10:47.875 [error] <0.11473.0>@ejabberd_cassandra:handle_info:162 Error happened: {badmatch,{error,badarg}}
2018-09-17 17:10:47.875 [error] <0.11474.0>@ejabberd_cassandra:connect:198 Error connecting {badmatch,{error,badarg}}
2018-09-17 17:10:47.875 [error] <0.11474.0>@ejabberd_cassandra:handle_info:162 Error happened: {badmatch,{error,badarg}}
2018-09-17 17:10:47.876 [error] <0.11475.0>@ejabberd_cassandra:connect:198 Error connecting {badmatch,{error,badarg}}
2018-09-17 17:10:47.876 [error] <0.11475.0>@ejabberd_cassandra:handle_info:162 Error happened: {badmatch,{error,badarg}}
2018-09-17 17:10:47.876 [error] <0.11476.0>@ejabberd_cassandra:connect:198 Error connecting {badmatch,{error,badarg}}
2018-09-17 17:10:47.876 [error] <0.11476.0>@ejabberd_cassandra:handle_info:162 Error happened: {badmatch,{error,badarg}}
2018-09-17 17:10:47.877 [error] <0.11477.0>@ejabberd_cassandra:connect:198 Error connecting {badmatch,{error,badarg}}
2018-09-17 17:10:47.877 [error] <0.11477.0>@ejabberd_cassandra:handle_info:162 Error happened: {badmatch,{error,badarg}}
2018-09-17 17:10:47.877 [error] <0.11478.0>@ejabberd_cassandra:connect:198 Error connecting {badmatch,{error,badarg}}
2018-09-17 17:10:47.877 [error] <0.11478.0>@ejabberd_cassandra:handle_info:162 Error happened: {badmatch,{error,badarg}}
2018-09-17 17:10:47.878 [error] <0.11479.0>@ejabberd_cassandra:connect:198 Error connecting {badmatch,{error,badarg}}
2018-09-17 17:10:47.878 [error] <0.11479.0>@ejabberd_cassandra:handle_info:162 Error happened: {badmatch,{error,badarg}}
2018-09-17 17:10:47.878 [error] <0.11480.0>@ejabberd_cassandra:connect:198 Error connecting {badmatch,{error,badarg}}
2018-09-17 17:10:47.878 [error] <0.11480.0>@ejabberd_cassandra:handle_info:162 Error happened: {badmatch,{error,badarg}}
2018-09-17 17:10:47.879 [error] <0.11481.0>@ejabberd_cassandra:connect:198 Error connecting {badmatch,{error,badarg}}
2018-09-17 17:10:47.879 [error] <0.11481.0>@ejabberd_cassandra:handle_info:162 Error happened: {badmatch,{error,badarg}}
2018-09-17 17:10:47.879 [error] <0.11486.0>@ejabberd_cassandra:connect:198 Error connecting {badmatch,{error,badarg}}
2018-09-17 17:10:47.879 [error] <0.11486.0>@ejabberd_cassandra:handle_info:162 Error happened: {badmatch,{error,badarg}}
2018-09-17 17:10:47.880 [error] <0.11487.0>@ejabberd_cassandra:connect:198 Error connecting {badmatch,{error,badarg}}
2018-09-17 17:10:47.880 [error] <0.11487.0>@ejabberd_cassandra:handle_info:162 Error happened: {badmatch,{error,badarg}}
2018-09-17 17:10:47.880 [error] <0.11488.0>@ejabberd_cassandra:connect:198 Error connecting {badmatch,{error,badarg}}
2018-09-17 17:10:47.880 [error] <0.11488.0>@ejabberd_cassandra:handle_info:162 Error happened: {badmatch,{error,badarg}}
2018-09-17 17:10:47.880 [error] <0.11489.0>@ejabberd_cassandra:connect:198 Error connecting {badmatch,{error,badarg}}
2018-09-17 17:10:47.880 [error] <0.11489.0>@ejabberd_cassandra:handle_info:162 Error happened: {badmatch,{error,badarg}}
2018-09-17 17:10:47.881 [error] <0.11490.0>@ejabberd_cassandra:connect:198 Error connecting {badmatch,{error,badarg}}
2018-09-17 17:10:47.881 [error] <0.11490.0>@ejabberd_cassandra:handle_info:162 Error happened: {badmatch,{error,badarg}}
2018-09-17 17:10:47.881 [error] <0.11491.0>@ejabberd_cassandra:connect:198 Error connecting {badmatch,{error,badarg}}
2018-09-17 17:10:47.881 [error] <0.11491.0>@ejabberd_cassandra:handle_info:162 Error happened: {badmatch,{error,badarg}}
2018-09-17 17:10:47.882 [error] <0.11492.0>@ejabberd_cassandra:connect:198 Error connecting {badmatch,{error,badarg}}
2018-09-17 17:10:47.882 [error] <0.11492.0>@ejabberd_cassandra:handle_info:162 Error happened: {badmatch,{error,badarg}}
2018-09-17 17:10:47.883 [error] <0.11493.0>@ejabberd_cassandra:connect:198 Error connecting {badmatch,{error,badarg}}
2018-09-17 17:10:47.883 [error] <0.11493.0>@ejabberd_cassandra:handle_info:162 Error happened: {badmatch,{error,badarg}}
2018-09-17 17:10:47.883 [error] <0.11494.0>@ejabberd_cassandra:connect:198 Error connecting {badmatch,{error,badarg}}
2018-09-17 17:10:47.883 [error] <0.11494.0>@ejabberd_cassandra:handle_info:162 Error happened: {badmatch,{error,badarg}}
2018-09-17 17:10:47.884 [error] <0.11495.0>@ejabberd_cassandra:connect:198 Error connecting {badmatch,{error,badarg}}
2018-09-17 17:10:47.884 [error] <0.11495.0>@ejabberd_cassandra:handle_info:162 Error happened: {badmatch,{error,badarg}}
2018-09-17 17:10:47.885 [error] <0.11496.0>@ejabberd_cassandra:connect:198 Error connecting {badmatch,{error,badarg}}
2018-09-17 17:10:47.885 [error] <0.11496.0>@ejabberd_cassandra:handle_info:162 Error happened: {badmatch,{error,badarg}}
2018-09-17 17:10:47.886 [error] <0.11497.0>@ejabberd_cassandra:connect:198 Error connecting {badmatch,{error,badarg}}
2018-09-17 17:10:47.886 [error] <0.11497.0>@ejabberd_cassandra:handle_info:162 Error happened: {badmatch,{error,badarg}}
2018-09-17 17:10:47.886 [error] <0.11499.0>@ejabberd_cassandra:connect:198 Error connecting {badmatch,{error,badarg}}
2018-09-17 17:10:47.886 [error] <0.11499.0>@ejabberd_cassandra:handle_info:162 Error happened: {badmatch,{error,badarg}}
2018-09-17 17:10:47.887 [error] <0.11500.0>@ejabberd_cassandra:connect:198 Error connecting {badmatch,{error,badarg}}
2018-09-17 17:10:47.887 [error] <0.11500.0>@ejabberd_cassandra:handle_info:162 Error happened: {badmatch,{error,badarg}}
2018-09-17 17:10:47.888 [error] <0.11501.0>@ejabberd_cassandra:connect:198 Error connecting {badmatch,{error,badarg}}
2018-09-17 17:10:47.888 [error] <0.11501.0>@ejabberd_cassandra:handle_info:162 Error happened: {badmatch,{error,badarg}}
2018-09-17 17:10:47.889 [error] <0.11502.0>@ejabberd_cassandra:connect:198 Error connecting {badmatch,{error,badarg}}
2018-09-17 17:10:47.889 [error] <0.11502.0>@ejabberd_cassandra:handle_info:162 Error happened: {badmatch,{error,badarg}}
2018-09-17 17:10:47.889 [error] <0.11503.0>@ejabberd_cassandra:connect:198 Error connecting {badmatch,{error,badarg}}
2018-09-17 17:10:47.889 [error] <0.11503.0>@ejabberd_cassandra:handle_info:162 Error happened: {badmatch,{error,badarg}}
2018-09-17 17:10:47.889 [error] <0.11504.0>@ejabberd_cassandra:connect:198 Error connecting {badmatch,{error,badarg}}
2018-09-17 17:10:47.889 [error] <0.11504.0>@ejabberd_cassandra:handle_info:162 Error happened: {badmatch,{error,badarg}}
2018-09-17 17:10:47.890 [error] <0.11505.0>@ejabberd_cassandra:connect:198 Error connecting {badmatch,{error,badarg}}
2018-09-17 17:10:47.890 [error] <0.11505.0>@ejabberd_cassandra:handle_info:162 Error happened: {badmatch,{error,badarg}}
2018-09-17 17:10:47.891 [error] <0.11506.0>@ejabberd_cassandra:connect:198 Error connecting {badmatch,{error,badarg}}
2018-09-17 17:10:47.891 [error] <0.11506.0>@ejabberd_cassandra:handle_info:162 Error happened: {badmatch,{error,badarg}}
2018-09-17 17:10:47.891 [error] <0.11507.0>@ejabberd_cassandra:connect:198 Error connecting {badmatch,{error,badarg}}
2018-09-17 17:10:47.891 [error] <0.11507.0>@ejabberd_cassandra:handle_info:162 Error happened: {badmatch,{error,badarg}}
2018-09-17 17:10:47.892 [error] <0.11508.0>@ejabberd_cassandra:connect:198 Error connecting {badmatch,{error,badarg}}
2018-09-17 17:10:47.892 [error] <0.11508.0>@ejabberd_cassandra:handle_info:162 Error happened: {badmatch,{error,badarg}}
2018-09-17 17:10:47.893 [error] <0.11509.0>@ejabberd_cassandra:connect:198 Error connecting {badmatch,{error,badarg}}
2018-09-17 17:10:47.893 [error] <0.11509.0>@ejabberd_cassandra:handle_info:162 Error happened: {badmatch,{error,badarg}}
2018-09-17 17:10:47.893 [error] <0.11510.0>@ejabberd_cassandra:connect:198 Error connecting {badmatch,{error,badarg}}
2018-09-17 17:10:47.893 [error] <0.11510.0>@ejabberd_cassandra:handle_info:162 Error happened: {badmatch,{error,badarg}}
2018-09-17 17:10:49.761 [error] <0.11511.0>@ejabberd_cassandra:connect:198 Error connecting {badmatch,{error,badarg}}
2018-09-17 17:10:49.761 [error] <0.11511.0>@ejabberd_cassandra:handle_info:162 Error happened: {badmatch,{error,badarg}}
2018-09-17 17:10:49.761 [error] <0.11517.0>@ejabberd_cassandra:connect:198 Error connecting {badmatch,{error,badarg}}
2018-09-17 17:10:49.761 [error] <0.11517.0>@ejabberd_cassandra:handle_info:162 Error happened: {badmatch,{error,badarg}}
2018-09-17 17:10:49.761 [error] <0.11518.0>@ejabberd_cassandra:connect:198 Error connecting {badmatch,{error,badarg}}
2018-09-17 17:10:49.761 [error] <0.11518.0>@ejabberd_cassandra:handle_info:162 Error happened: {badmatch,{error,badarg}}
2018-09-17 17:10:49.761 [error] <0.11519.0>@ejabberd_cassandra:connect:198 Error connecting {badmatch,{error,badarg}}
2018-09-17 17:10:49.761 [error] <0.11519.0>@ejabberd_cassandra:handle_info:162 Error happened: {badmatch,{error,badarg}}
2018-09-17 17:10:49.761 [error] <0.11520.0>@ejabberd_cassandra:connect:198 Error connecting {badmatch,{error,badarg}}
2018-09-17 17:10:49.762 [error] <0.11520.0>@ejabberd_cassandra:handle_info:162 Error happened: {badmatch,{error,badarg}}
2018-09-17 17:10:49.762 [error] <0.11521.0>@ejabberd_cassandra:connect:198 Error connecting {badmatch,{error,badarg}}
2018-09-17 17:10:49.762 [error] <0.11521.0>@ejabberd_cassandra:handle_info:162 Error happened: {badmatch,{error,badarg}}
2018-09-17 17:10:49.762 [error] <0.11522.0>@ejabberd_cassandra:connect:198 Error connecting {badmatch,{error,badarg}}
2018-09-17 17:10:49.763 [error] <0.11522.0>@ejabberd_cassandra:handle_info:162 Error happened: {badmatch,{error,badarg}}
2018-09-17 17:10:49.763 [error] <0.11523.0>@ejabberd_cassandra:connect:198 Error connecting {badmatch,{error,badarg}}
2018-09-17 17:10:49.763 [error] <0.11524.0>@ejabberd_cassandra:connect:198 Error connecting {badmatch,{error,badarg}}
2018-09-17 17:10:49.763 [error] <0.11529.0>@ejabberd_cassandra:connect:198 Error connecting {badmatch,{error,badarg}}
2018-09-17 17:10:49.763 [error] <0.11524.0>@ejabberd_cassandra:handle_info:162 Error happened: {badmatch,{error,badarg}}
2018-09-17 17:10:49.763 [error] <0.11523.0>@ejabberd_cassandra:handle_info:162 Error happened: {badmatch,{error,badarg}}
2018-09-17 17:10:49.763 [error] <0.11529.0>@ejabberd_cassandra:handle_info:162 Error happened: {badmatch,{error,badarg}}
2018-09-17 17:10:49.763 [error] <0.11525.0>@ejabberd_cassandra:connect:198 Error connecting {badmatch,{error,badarg}}
2018-09-17 17:10:49.763 [error] <0.11525.0>@ejabberd_cassandra:handle_info:162 Error happened: {badmatch,{error,badarg}}
2018-09-17 17:10:49.764 [error] <0.11530.0>@ejabberd_cassandra:connect:198 Error connecting {badmatch,{error,badarg}}
2018-09-17 17:10:49.764 [error] <0.11530.0>@ejabberd_cassandra:handle_info:162 Error happened: {badmatch,{error,badarg}}
2018-09-17 17:10:49.765 [error] <0.11532.0>@ejabberd_cassandra:connect:198 Error connecting {badmatch,{error,badarg}}
2018-09-17 17:10:49.765 [error] <0.11532.0>@ejabberd_cassandra:handle_info:162 Error happened: {badmatch,{error,badarg}}
2018-09-17 17:10:49.765 [error] <0.11536.0>@ejabberd_cassandra:connect:198 Error connecting {badmatch,{error,badarg}}
2018-09-17 17:10:49.765 [error] <0.11536.0>@ejabberd_cassandra:handle_info:162 Error happened: {badmatch,{error,badarg}}
2018-09-17 17:10:49.766 [error] <0.11538.0>@ejabberd_cassandra:connect:198 Error connecting {badmatch,{error,badarg}}
2018-09-17 17:10:49.766 [error] <0.11538.0>@ejabberd_cassandra:handle_info:162 Error happened: {badmatch,{error,badarg}}
2018-09-17 17:10:49.766 [error] <0.11539.0>@ejabberd_cassandra:connect:198 Error connecting {badmatch,{error,badarg}}
2018-09-17 17:10:49.766 [error] <0.11539.0>@ejabberd_cassandra:handle_info:162 Error happened: {badmatch,{error,badarg}}
2018-09-17 17:10:49.768 [error] <0.11540.0>@ejabberd_cassandra:connect:198 Error connecting {badmatch,{error,badarg}}
2018-09-17 17:10:49.768 [error] <0.11540.0>@ejabberd_cassandra:handle_info:162 Error happened: {badmatch,{error,badarg}}
2018-09-17 17:10:49.769 [error] <0.11541.0>@ejabberd_cassandra:connect:198 Error connecting {badmatch,{error,badarg}}
2018-09-17 17:10:49.769 [error] <0.11541.0>@ejabberd_cassandra:handle_info:162 Error happened: {badmatch,{error,badarg}}
2018-09-17 17:10:49.770 [error] <0.11542.0>@ejabberd_cassandra:connect:198 Error connecting {badmatch,{error,badarg}}
2018-09-17 17:10:49.770 [error] <0.11542.0>@ejabberd_cassandra:handle_info:162 Error happened: {badmatch,{error,badarg}}
2018-09-17 17:10:49.771 [error] <0.11543.0>@ejabberd_cassandra:connect:198 Error connecting {badmatch,{error,badarg}}
2018-09-17 17:10:49.771 [error] <0.11543.0>@ejabberd_cassandra:handle_info:162 Error happened: {badmatch,{error,badarg}}
2018-09-17 17:10:49.771 [error] <0.11544.0>@ejabberd_cassandra:connect:198 Error connecting {badmatch,{error,badarg}}
2018-09-17 17:10:49.771 [error] <0.11544.0>@ejabberd_cassandra:handle_info:162 Error happened: {badmatch,{error,badarg}}
2018-09-17 17:10:49.772 [error] <0.11545.0>@ejabberd_cassandra:connect:198 Error connecting {badmatch,{error,badarg}}
2018-09-17 17:10:49.772 [error] <0.11545.0>@ejabberd_cassandra:handle_info:162 Error happened: {badmatch,{error,badarg}}
2018-09-17 17:10:49.773 [error] <0.11546.0>@ejabberd_cassandra:connect:198 Error connecting {badmatch,{error,badarg}}
2018-09-17 17:10:49.773 [error] <0.11546.0>@ejabberd_cassandra:handle_info:162 Error happened: {badmatch,{error,badarg}}
2018-09-17 17:10:49.773 [error] <0.11547.0>@ejabberd_cassandra:connect:198 Error connecting {badmatch,{error,badarg}}
2018-09-17 17:10:49.773 [error] <0.11547.0>@ejabberd_cassandra:handle_info:162 Error happened: {badmatch,{error,badarg}}
2018-09-17 17:10:49.774 [error] <0.11548.0>@ejabberd_cassandra:connect:198 Error connecting {badmatch,{error,badarg}}
2018-09-17 17:10:49.774 [error] <0.11548.0>@ejabberd_cassandra:handle_info:162 Error happened: {badmatch,{error,badarg}}
2018-09-17 17:10:49.774 [error] <0.11549.0>@ejabberd_cassandra:connect:198 Error connecting {badmatch,{error,badarg}}
2018-09-17 17:10:49.774 [error] <0.11549.0>@ejabberd_cassandra:handle_info:162 Error happened: {badmatch,{error,badarg}}
2018-09-17 17:10:49.775 [error] <0.11550.0>@ejabberd_cassandra:connect:198 Error connecting {badmatch,{error,badarg}}
2018-09-17 17:10:49.775 [error] <0.11550.0>@ejabberd_cassandra:handle_info:162 Error happened: {badmatch,{error,badarg}}
2018-09-17 17:10:49.775 [error] <0.11551.0>@ejabberd_cassandra:connect:198 Error connecting {badmatch,{error,badarg}}
2018-09-17 17:10:49.776 [error] <0.11551.0>@ejabberd_cassandra:handle_info:162 Error happened: {badmatch,{error,badarg}}
2018-09-17 17:10:49.776 [error] <0.11552.0>@ejabberd_cassandra:connect:198 Error connecting {badmatch,{error,badarg}}
2018-09-17 17:10:49.776 [error] <0.11552.0>@ejabberd_cassandra:handle_info:162 Error happened: {badmatch,{error,badarg}}
2018-09-17 17:10:49.777 [error] <0.11553.0>@ejabberd_cassandra:connect:198 Error connecting {badmatch,{error,badarg}}
2018-09-17 17:10:49.777 [error] <0.11553.0>@ejabberd_cassandra:handle_info:162 Error happened: {badmatch,{error,badarg}}
2018-09-17 17:10:49.777 [error] <0.11554.0>@ejabberd_cassandra:connect:198 Error connecting {badmatch,{error,badarg}}
2018-09-17 17:10:49.777 [error] <0.11554.0>@ejabberd_cassandra:handle_info:162 Error happened: {badmatch,{error,badarg}}
2018-09-17 17:10:49.778 [error] <0.11555.0>@ejabberd_cassandra:connect:198 Error connecting {badmatch,{error,badarg}}
2018-09-17 17:10:49.778 [error] <0.11555.0>@ejabberd_cassandra:handle_info:162 Error happened: {badmatch,{error,badarg}}
2018-09-17 17:10:49.778 [error] <0.11556.0>@ejabberd_cassandra:connect:198 Error connecting {badmatch,{error,badarg}}
2018-09-17 17:10:49.778 [error] <0.11556.0>@ejabberd_cassandra:handle_info:162 Error happened: {badmatch,{error,badarg}}
2018-09-17 17:10:49.779 [error] <0.11557.0>@ejabberd_cassandra:connect:198 Error connecting {badmatch,{error,badarg}}
2018-09-17 17:10:49.779 [error] <0.11557.0>@ejabberd_cassandra:handle_info:162 Error happened: {badmatch,{error,badarg}}
2018-09-17 17:10:49.779 [error] <0.11558.0>@ejabberd_cassandra:connect:198 Error connecting {badmatch,{error,badarg}}
2018-09-17 17:10:49.779 [error] <0.11558.0>@ejabberd_cassandra:handle_info:162 Error happened: {badmatch,{error,badarg}}
2018-09-17 17:10:49.780 [error] <0.11560.0>@ejabberd_cassandra:connect:198 Error connecting {badmatch,{error,badarg}}
2018-09-17 17:10:49.780 [error] <0.11560.0>@ejabberd_cassandra:handle_info:162 Error happened: {badmatch,{error,badarg}}
2018-09-17 17:10:49.781 [error] <0.11561.0>@ejabberd_cassandra:connect:198 Error connecting {badmatch,{error,badarg}}
2018-09-17 17:10:49.781 [error] <0.11561.0>@ejabberd_cassandra:handle_info:162 Error happened: {badmatch,{error,badarg}}
2018-09-17 17:10:49.781 [error] <0.11562.0>@ejabberd_cassandra:connect:198 Error connecting {badmatch,{error,badarg}}
2018-09-17 17:10:49.781 [error] <0.11562.0>@ejabberd_cassandra:handle_info:162 Error happened: {badmatch,{error,badarg}}
2018-09-17 17:10:49.782 [error] <0.11563.0>@ejabberd_cassandra:connect:198 Error connecting {badmatch,{error,badarg}}
2018-09-17 17:10:49.782 [error] <0.11563.0>@ejabberd_cassandra:handle_info:162 Error happened: {badmatch,{error,badarg}}
2018-09-17 17:10:49.782 [error] <0.11564.0>@ejabberd_cassandra:connect:198 Error connecting {badmatch,{error,badarg}}
2018-09-17 17:10:49.782 [error] <0.11564.0>@ejabberd_cassandra:handle_info:162 Error happened: {badmatch,{error,badarg}}
2018-09-17 17:10:49.783 [error] <0.11565.0>@ejabberd_cassandra:connect:198 Error connecting {badmatch,{error,badarg}}
2018-09-17 17:10:49.783 [error] <0.11565.0>@ejabberd_cassandra:handle_info:162 Error happened: {badmatch,{error,badarg}}
2018-09-17 17:10:50.808 [error] <0.11566.0>@ejabberd_cassandra:connect:198 Error connecting {badmatch,{error,badarg}}
2018-09-17 17:10:50.808 [error] <0.11566.0>@ejabberd_cassandra:handle_info:162 Error happened: {badmatch,{error,badarg}}
2018-09-17 17:10:50.808 [error] <0.11569.0>@ejabberd_cassandra:connect:198 Error connecting {badmatch,{error,badarg}}
2018-09-17 17:10:50.808 [error] <0.11569.0>@ejabberd_cassandra:handle_info:162 Error happened: {badmatch,{error,badarg}}
2018-09-17 17:10:50.808 [error] <0.11567.0>@ejabberd_cassandra:connect:198 Error connecting {badmatch,{error,badarg}}
2018-09-17 17:10:50.808 [error] <0.11567.0>@ejabberd_cassandra:handle_info:162 Error happened: {badmatch,{error,badarg}}
2018-09-17 17:10:50.808 [error] <0.11568.0>@ejabberd_cassandra:connect:198 Error connecting {badmatch,{error,badarg}}
2018-09-17 17:10:50.808 [error] <0.11568.0>@ejabberd_cassandra:handle_info:162 Error happened: {badmatch,{error,badarg}}
2018-09-17 17:10:50.808 [error] <0.11570.0>@ejabberd_cassandra:connect:198 Error connecting {badmatch,{error,badarg}}
2018-09-17 17:10:50.809 [error] <0.11570.0>@ejabberd_cassandra:handle_info:162 Error happened: {badmatch,{error,badarg}}
2018-09-17 17:10:50.809 [error] <0.11571.0>@ejabberd_cassandra:connect:198 Error connecting {badmatch,{error,badarg}}
2018-09-17 17:10:50.809 [error] <0.11571.0>@ejabberd_cassandra:handle_info:162 Error happened: {badmatch,{error,badarg}}
2018-09-17 17:10:50.809 [error] <0.11572.0>@ejabberd_cassandra:connect:198 Error connecting {badmatch,{error,badarg}}
2018-09-17 17:10:50.809 [error] <0.11572.0>@ejabberd_cassandra:handle_info:162 Error happened: {badmatch,{error,badarg}}
2018-09-17 17:10:50.810 [error] <0.11573.0>@ejabberd_cassandra:connect:198 Error connecting {badmatch,{error,badarg}}
2018-09-17 17:10:50.810 [error] <0.11573.0>@ejabberd_cassandra:handle_info:162 Error happened: {badmatch,{error,badarg}}
2018-09-17 17:10:50.810 [error] <0.11574.0>@ejabberd_cassandra:connect:198 Error connecting {badmatch,{error,badarg}}
2018-09-17 17:10:50.810 [error] <0.11574.0>@ejabberd_cassandra:handle_info:162 Error happened: {badmatch,{error,badarg}}
2018-09-17 17:10:50.810 [error] <0.11575.0>@ejabberd_cassandra:connect:198 Error connecting {badmatch,{error,badarg}}
2018-09-17 17:10:50.810 [error] <0.11575.0>@ejabberd_cassandra:handle_info:162 Error happened: {badmatch,{error,badarg}}
2018-09-17 17:10:50.810 [error] <0.11579.0>@ejabberd_cassandra:connect:198 Error connecting {badmatch,{error,badarg}}
2018-09-17 17:10:50.810 [error] <0.11579.0>@ejabberd_cassandra:handle_info:162 Error happened: {badmatch,{error,badarg}}
2018-09-17 17:10:50.811 [error] <0.11580.0>@ejabberd_cassandra:connect:198 Error connecting {badmatch,{error,badarg}}
2018-09-17 17:10:50.811 [error] <0.11580.0>@ejabberd_cassandra:handle_info:162 Error happened: {badmatch,{error,badarg}}
2018-09-17 17:10:50.812 [error] <0.11581.0>@ejabberd_cassandra:connect:198 Error connecting {badmatch,{error,badarg}}
2018-09-17 17:10:50.812 [error] <0.11581.0>@ejabberd_cassandra:handle_info:162 Error happened: {badmatch,{error,badarg}}
2018-09-17 17:10:50.813 [error] <0.11582.0>@ejabberd_cassandra:connect:198 Error connecting {badmatch,{error,badarg}}
2018-09-17 17:10:50.813 [error] <0.11582.0>@ejabberd_cassandra:handle_info:162 Error happened: {badmatch,{error,badarg}}
2018-09-17 17:10:50.813 [error] <0.11583.0>@ejabberd_cassandra:connect:198 Error connecting {badmatch,{error,badarg}}
2018-09-17 17:10:50.813 [error] <0.11583.0>@ejabberd_cassandra:handle_info:162 Error happened: {badmatch,{error,badarg}}
2018-09-17 17:10:50.814 [error] <0.11584.0>@ejabberd_cassandra:connect:198 Error connecting {badmatch,{error,badarg}}
2018-09-17 17:10:50.814 [error] <0.11584.0>@ejabberd_cassandra:handle_info:162 Error happened: {badmatch,{error,badarg}}
2018-09-17 17:10:50.815 [error] <0.11585.0>@ejabberd_cassandra:connect:198 Error connecting {badmatch,{error,badarg}}
2018-09-17 17:10:50.815 [error] <0.11585.0>@ejabberd_cassandra:handle_info:162 Error happened: {badmatch,{error,badarg}}
2018-09-17 17:10:50.816 [error] <0.11586.0>@ejabberd_cassandra:connect:198 Error connecting {badmatch,{error,badarg}}
2018-09-17 17:10:50.816 [error] <0.11586.0>@ejabberd_cassandra:handle_info:162 Error happened: {badmatch,{error,badarg}}
2018-09-17 17:10:50.817 [error] <0.11589.0>@ejabberd_cassandra:connect:198 Error connecting {badmatch,{error,badarg}}
2018-09-17 17:10:50.817 [error] <0.11589.0>@ejabberd_cassandra:handle_info:162 Error happened: {badmatch,{error,badarg}}
2018-09-17 17:10:50.818 [error] <0.11590.0>@ejabberd_cassandra:connect:198 Error connecting {badmatch,{error,badarg}}
2018-09-17 17:10:50.818 [error] <0.11590.0>@ejabberd_cassandra:handle_info:162 Error happened: {badmatch,{error,badarg}}
2018-09-17 17:10:50.818 [error] <0.11591.0>@ejabberd_cassandra:connect:198 Error connecting {badmatch,{error,badarg}}
2018-09-17 17:10:50.818 [error] <0.11591.0>@ejabberd_cassandra:handle_info:162 Error happened: {badmatch,{error,badarg}}
2018-09-17 17:10:50.819 [error] <0.11592.0>@ejabberd_cassandra:connect:198 Error connecting {badmatch,{error,badarg}}
2018-09-17 17:10:50.819 [error] <0.11592.0>@ejabberd_cassandra:handle_info:162 Error happened: {badmatch,{error,badarg}}
2018-09-17 17:10:50.820 [error] <0.11593.0>@ejabberd_cassandra:connect:198 Error connecting {badmatch,{error,badarg}}
2018-09-17 17:10:50.820 [error] <0.11593.0>@ejabberd_cassandra:handle_info:162 Error happened: {badmatch,{error,badarg}}
2018-09-17 17:10:50.821 [error] <0.11594.0>@ejabberd_cassandra:connect:198 Error connecting {badmatch,{error,badarg}}
2018-09-17 17:10:50.821 [error] <0.11594.0>@ejabberd_cassandra:handle_info:162 Error happened: {badmatch,{error,badarg}}
2018-09-17 17:10:50.822 [error] <0.11595.0>@ejabberd_cassandra:connect:198 Error connecting {badmatch,{error,badarg}}
2018-09-17 17:10:50.822 [error] <0.11595.0>@ejabberd_cassandra:handle_info:162 Error happened: {badmatch,{error,badarg}}
2018-09-17 17:10:50.822 [error] <0.11596.0>@ejabberd_cassandra:connect:198 Error connecting {badmatch,{error,badarg}}
2018-09-17 17:10:50.822 [error] <0.11596.0>@ejabberd_cassandra:handle_info:162 Error happened: {badmatch,{error,badarg}}
2018-09-17 17:10:50.823 [error] <0.11597.0>@ejabberd_cassandra:connect:198 Error connecting {badmatch,{error,badarg}}
2018-09-17 17:10:50.823 [error] <0.11597.0>@ejabberd_cassandra:handle_info:162 Error happened: {badmatch,{error,badarg}}
2018-09-17 17:10:50.823 [error] <0.11598.0>@ejabberd_cassandra:connect:198 Error connecting {badmatch,{error,badarg}}
2018-09-17 17:10:50.823 [error] <0.11598.0>@ejabberd_cassandra:handle_info:162 Error happened: {badmatch,{error,badarg}}
2018-09-17 17:10:50.824 [error] <0.11599.0>@ejabberd_cassandra:connect:198 Error connecting {badmatch,{error,badarg}}
2018-09-17 17:10:50.824 [error] <0.11599.0>@ejabberd_cassandra:handle_info:162 Error happened: {badmatch,{error,badarg}}
2018-09-17 17:10:50.825 [error] <0.11600.0>@ejabberd_cassandra:connect:198 Error connecting {badmatch,{error,badarg}}
2018-09-17 17:10:50.825 [error] <0.11600.0>@ejabberd_cassandra:handle_info:162 Error happened: {badmatch,{error,badarg}}
2018-09-17 17:10:50.826 [error] <0.11601.0>@ejabberd_cassandra:connect:198 Error connecting {badmatch,{error,badarg}}
2018-09-17 17:10:50.826 [error] <0.11601.0>@ejabberd_cassandra:handle_info:162 Error happened: {badmatch,{error,badarg}}
2018-09-17 17:10:50.826 [error] <0.11602.0>@ejabberd_cassandra:connect:198 Error connecting {badmatch,{error,badarg}}
2018-09-17 17:10:50.826 [error] <0.11602.0>@ejabberd_cassandra:handle_info:162 Error happened: {badmatch,{error,badarg}}
2018-09-17 17:10:50.827 [error] <0.11603.0>@ejabberd_cassandra:connect:198 Error connecting {badmatch,{error,badarg}}
2018-09-17 17:10:50.827 [error] <0.11603.0>@ejabberd_cassandra:handle_info:162 Error happened: {badmatch,{error,badarg}}
2018-09-17 17:10:50.828 [error] <0.11604.0>@ejabberd_cassandra:connect:198 Error connecting {badmatch,{error,badarg}}
2018-09-17 17:10:50.828 [error] <0.11604.0>@ejabberd_cassandra:handle_info:162 Error happened: {badmatch,{error,badarg}}
2018-09-17 17:10:50.829 [error] <0.11605.0>@ejabberd_cassandra:connect:198 Error connecting {badmatch,{error,badarg}}
2018-09-17 17:10:50.829 [error] <0.11605.0>@ejabberd_cassandra:handle_info:162 Error happened: {badmatch,{error,badarg}}
2018-09-17 17:10:50.830 [error] <0.11606.0>@ejabberd_cassandra:connect:198 Error connecting {badmatch,{error,badarg}}
2018-09-17 17:10:50.830 [error] <0.11606.0>@ejabberd_cassandra:handle_info:162 Error happened: {badmatch,{error,badarg}}
2018-09-17 17:10:50.830 [error] <0.11607.0>@ejabberd_cassandra:connect:198 Error connecting {badmatch,{error,badarg}}
2018-09-17 17:10:50.830 [error] <0.11607.0>@ejabberd_cassandra:handle_info:162 Error happened: {badmatch,{error,badarg}}
2018-09-17 17:10:51.734 [error] <0.11608.0>@ejabberd_cassandra:connect:198 Error connecting {badmatch,{error,badarg}}
2018-09-17 17:10:51.734 [error] <0.11608.0>@ejabberd_cassandra:handle_info:162 Error happened: {badmatch,{error,badarg}}
2018-09-17 17:10:51.734 [error] <0.11610.0>@ejabberd_cassandra:connect:198 Error connecting {badmatch,{error,badarg}}
2018-09-17 17:10:51.797 [error] <0.11638.0>@ejabberd_cassandra:connect:198 Error connecting {badmatch,{error,badarg}}
2018-09-17 17:10:51.816 [error] <0.11665.0>@ejabberd_cassandra:connect:198 Error connecting {badmatch,{error,badarg}}
2018-09-17 17:10:51.905 [error] <0.11679.0>@ejabberd_cassandra:connect:198 Error connecting {badmatch,{error,badarg}}
2018-09-17 17:10:51.929 [error] <0.11692.0>@ejabberd_cassandra:connect:198 Error connecting {badmatch,{error,badarg}}
2018-09-17 17:10:51.943 [error] <0.11695.0>@ejabberd_cassandra:connect:198 Error connecting {badmatch,{error,badarg}}
2018-09-17 17:10:51.965 [error] <0.11710.0>@ejabberd_cassandra:handle_info:162 Error happened: {badmatch,{error,badarg}}
2018-09-17 17:10:52.017 [error] <0.11724.0>@ejabberd_cassandra:connect:198 Error connecting {badmatch,{error,badarg}}
2018-09-17 17:10:52.017 [error] <0.11724.0>@ejabberd_cassandra:handle_info:162 Error happened: {badmatch,{error,badarg}}
2018-09-17 17:10:52.018 [error] <0.11725.0>@ejabberd_cassandra:connect:198 Error connecting {badmatch,{error,badarg}}
2018-09-17 17:10:52.018 [error] <0.11725.0>@ejabberd_cassandra:handle_info:162 Error happened: {badmatch,{error,badarg}}
2018-09-17 17:10:52.018 [error] <0.11726.0>@ejabberd_cassandra:connect:198 Error connecting {badmatch,{error,badarg}}
2018-09-17 17:10:52.018 [error] <0.11726.0>@ejabberd_cassandra:handle_info:162 Error happened: {badmatch,{error,badarg}}
2018-09-17 17:10:52.019 [error] <0.11727.0>@ejabberd_cassandra:connect:198 Error connecting {badmatch,{error,badarg}}
2018-09-17 17:10:52.019 [error] <0.11727.0>@ejabberd_cassandra:handle_info:162 Error happened: {badmatch,{error,badarg}}
2018-09-17 17:10:52.020 [error] <0.11728.0>@ejabberd_cassandra:connect:198 Error connecting {badmatch,{error,badarg}}
2018-09-17 17:10:52.020 [error] <0.11728.0>@ejabberd_cassandra:handle_info:162 Error happened: {badmatch,{error,badarg}}
2018-09-17 17:10:52.020 [error] <0.11729.0>@ejabberd_cassandra:connect:198 Error connecting {badmatch,{error,badarg}}
2018-09-17 17:10:52.020 [error] <0.11729.0>@ejabberd_cassandra:handle_info:162 Error happened: {badmatch,{error,badarg}}
2018-09-17 17:10:52.021 [error] <0.11730.0>@ejabberd_cassandra:connect:198 Error connecting {badmatch,{error,badarg}}
2018-09-17 17:10:52.021 [error] <0.11730.0>@ejabberd_cassandra:handle_info:162 Error happened: {badmatch,{error,badarg}}
2018-09-17 17:10:52.021 [error] <0.11731.0>@ejabberd_cassandra:connect:198 Error connecting {badmatch,{error,badarg}}
2018-09-17 17:10:52.021 [error] <0.11731.0>@ejabberd_cassandra:handle_info:162 Error happened: {badmatch,{error,badarg}}
2018-09-17 17:10:52.236 [error] <0.11732.0>@ejabberd_cassandra:connect:198 Error connecting {badmatch,{error,badarg}}
2018-09-17 17:10:52.236 [error] <0.11732.0>@ejabberd_cassandra:handle_info:162 Error happened: {badmatch,{error,badarg}}
2018-09-17 17:10:52.237 [error] <0.11735.0>@ejabberd_cassandra:connect:198 Error connecting {badmatch,{error,badarg}}
2018-09-17 17:10:52.237 [error] <0.11735.0>@ejabberd_cassandra:handle_info:162 Error happened: {badmatch,{error,badarg}}
2018-09-17 17:10:52.237 [error] <0.11733.0>@ejabberd_cassandra:connect:198 Error connecting {badmatch,{error,badarg}}
2018-09-17 17:10:52.237 [error] <0.11733.0>@ejabberd_cassandra:handle_info:162 Error happened: {badmatch,{error,badarg}}
2018-09-17 17:10:52.237 [error] <0.11734.0>@ejabberd_cassandra:connect:198 Error connecting {badmatch,{error,badarg}}
2018-09-17 17:10:52.237 [error] <0.11734.0>@ejabberd_cassandra:handle_info:162 Error happened: {badmatch,{error,badarg}}
2018-09-17 17:10:52.237 [error] <0.11736.0>@ejabberd_cassandra:connect:198 Error connecting {badmatch,{error,badarg}}
2018-09-17 17:10:52.237 [error] <0.11736.0>@ejabberd_cassandra:handle_info:162 Error happened: {badmatch,{error,badarg}}
2018-09-17 17:10:52.238 [error] <0.11737.0>@ejabberd_cassandra:connect:198 Error connecting {badmatch,{error,badarg}}
2018-09-17 17:10:52.238 [error] <0.11737.0>@ejabberd_cassandra:handle_info:162 Error happened: {badmatch,{error,badarg}}
2018-09-17 17:10:52.238 [error] <0.11738.0>@ejabberd_cassandra:connect:198 Error connecting {badmatch,{error,badarg}}
2018-09-17 17:10:52.238 [error] <0.11738.0>@ejabberd_cassandra:handle_info:162 Error happened: {badmatch,{error,badarg}}
2018-09-17 17:10:52.238 [error] <0.11739.0>@ejabberd_cassandra:connect:198 Error connecting {badmatch,{error,badarg}}
2018-09-17 17:10:52.238 [error] <0.11739.0>@ejabberd_cassandra:handle_info:162 Error happened: {badmatch,{error,badarg}}
2018-09-17 17:17:16.460 [error] <0.2546.0>@ejabberd_cassandra:connect:198 Error connecting {badmatch,{error,badarg}}
2018-09-17 17:17:16.460 [error] <0.2546.0>@ejabberd_cassandra:handle_info:162 Error happened: {badmatch,{error,badarg}}
2018-09-17 17:17:16.466 [error] <0.2556.0>@ejabberd_cassandra:connect:198 Error connecting {badmatch,{error,badarg}}
2018-09-17 17:17:16.466 [error] <0.2556.0>@ejabberd_cassandra:handle_info:162 Error happened: {badmatch,{error,badarg}}
2018-09-17 17:17:16.641 [error] <0.2601.0>@ejabberd_cassandra:connect:198 Error connecting {badmatch,{error,badarg}}
2018-09-17 17:17:16.641 [error] <0.2601.0>@ejabberd_cassandra:handle_info:162 Error happened: {badmatch,{error,badarg}}
2018-09-17 17:17:16.643 [error] <0.2602.0>@ejabberd_cassandra:connect:198 Error connecting {badmatch,{error,badarg}}
2018-09-17 17:17:16.643 [error] <0.2602.0>@ejabberd_cassandra:handle_info:162 Error happened: {badmatch,{error,badarg}}
2018-09-17 17:17:16.645 [error] <0.2604.0>@ejabberd_cassandra:connect:198 Error connecting {badmatch,{error,badarg}}
2018-09-17 17:17:16.645 [error] <0.2604.0>@ejabberd_cassandra:handle_info:162 Error happened: {badmatch,{error,badarg}}
2018-09-17 17:17:16.646 [error] <0.2605.0>@ejabberd_cassandra:connect:198 Error connecting {badmatch,{error,badarg}}
2018-09-17 17:17:16.646 [error] <0.2605.0>@ejabberd_cassandra:handle_info:162 Error happened: {badmatch,{error,badarg}}
2018-09-17 17:17:16.648 [error] <0.2608.0>@ejabberd_cassandra:connect:198 Error connecting {badmatch,{error,badarg}}
2018-09-17 17:17:16.648 [error] <0.2608.0>@ejabberd_cassandra:handle_info:162 Error happened: {badmatch,{error,badarg}}
2018-09-17 17:17:16.650 [error] <0.2609.0>@ejabberd_cassandra:connect:198 Error connecting {badmatch,{error,badarg}}
2018-09-17 17:17:16.650 [error] <0.2609.0>@ejabberd_cassandra:handle_info:162 Error happened: {badmatch,{error,badarg}}
2018-09-17 17:17:16.652 [error] <0.2611.0>@ejabberd_cassandra:connect:198 Error connecting {badmatch,{error,badarg}}
2018-09-17 17:17:16.652 [error] <0.2611.0>@ejabberd_cassandra:handle_info:162 Error happened: {badmatch,{error,badarg}}
2018-09-17 17:17:16.654 [error] <0.2612.0>@ejabberd_cassandra:connect:198 Error connecting {badmatch,{error,badarg}}
2018-09-17 17:17:16.654 [error] <0.2612.0>@ejabberd_cassandra:handle_info:162 Error happened: {badmatch,{error,badarg}}
2018-09-17 17:17:16.850 [error] <0.2616.0>@ejabberd_cassandra:connect:198 Error connecting {badmatch,{error,badarg}}
2018-09-17 17:17:16.850 [error] <0.2616.0>@ejabberd_cassandra:handle_info:162 Error happened: {badmatch,{error,badarg}}
2018-09-17 17:17:16.852 [error] <0.2617.0>@ejabberd_cassandra:connect:198 Error connecting {badmatch,{error,badarg}}
2018-09-17 17:17:16.852 [error] <0.2617.0>@ejabberd_cassandra:handle_info:162 Error happened: {badmatch,{error,badarg}}
2018-09-17 17:17:16.854 [error] <0.2619.0>@ejabberd_cassandra:connect:198 Error connecting {badmatch,{error,badarg}}
2018-09-17 17:17:16.854 [error] <0.2619.0>@ejabberd_cassandra:handle_info:162 Error happened: {badmatch,{error,badarg}}
2018-09-17 17:17:16.855 [error] <0.2620.0>@ejabberd_cassandra:connect:198 Error connecting {badmatch,{error,badarg}}
2018-09-17 17:17:16.855 [error] <0.2620.0>@ejabberd_cassandra:handle_info:162 Error happened: {badmatch,{error,badarg}}
2018-09-17 17:17:16.857 [error] <0.2622.0>@ejabberd_cassandra:connect:198 Error connecting {badmatch,{error,badarg}}
2018-09-17 17:17:16.857 [error] <0.2622.0>@ejabberd_cassandra:handle_info:162 Error happened: {badmatch,{error,badarg}}
2018-09-17 17:17:16.859 [error] <0.2623.0>@ejabberd_cassandra:connect:198 Error connecting {badmatch,{error,badarg}}
2018-09-17 17:17:16.859 [error] <0.2623.0>@ejabberd_cassandra:handle_info:162 Error happened: {badmatch,{error,badarg}}
2018-09-17 17:17:16.862 [error] <0.2625.0>@ejabberd_cassandra:connect:198 Error connecting {badmatch,{error,badarg}}
2018-09-17 17:17:16.862 [error] <0.2625.0>@ejabberd_cassandra:handle_info:162 Error happened: {badmatch,{error,badarg}}
2018-09-17 17:17:16.863 [error] <0.2626.0>@ejabberd_cassandra:connect:198 Error connecting {badmatch,{error,badarg}}
2018-09-17 17:17:16.863 [error] <0.2626.0>@ejabberd_cassandra:handle_info:162 Error happened: {badmatch,{error,badarg}}
2018-09-17 17:17:17.052 [error] <0.2628.0>@ejabberd_cassandra:connect:198 Error connecting {badmatch,{error,badarg}}
2018-09-17 17:17:17.052 [error] <0.2628.0>@ejabberd_cassandra:handle_info:162 Error happened: {badmatch,{error,badarg}}
2018-09-17 17:17:17.053 [error] <0.2629.0>@ejabberd_cassandra:connect:198 Error connecting {badmatch,{error,badarg}}
2018-09-17 17:17:17.053 [error] <0.2629.0>@ejabberd_cassandra:handle_info:162 Error happened: {badmatch,{error,badarg}}
2018-09-17 17:17:17.056 [error] <0.2631.0>@ejabberd_cassandra:connect:198 Error connecting {badmatch,{error,badarg}}
2018-09-17 17:17:17.056 [error] <0.2631.0>@ejabberd_cassandra:handle_info:162 Error happened: {badmatch,{error,badarg}}
2018-09-17 17:17:17.057 [error] <0.2632.0>@ejabberd_cassandra:connect:198 Error connecting {badmatch,{error,badarg}}
2018-09-17 17:17:17.057 [error] <0.2632.0>@ejabberd_cassandra:handle_info:162 Error happened: {badmatch,{error,badarg}}
2018-09-17 17:19:37.720 [error] <0.4785.0>@ejabberd_cassandra:connect:198 Exception connecting {badmatch,{error,badarg}}
2018-09-17 17:19:37.720 [error] <0.4785.0>@ejabberd_cassandra:handle_info:162 Error happened: {badmatch,{error,badarg}}
2018-09-17 17:19:37.721 [error] <0.4791.0>@ejabberd_cassandra:connect:198 Exception connecting {badmatch,{error,badarg}}
2018-09-17 17:19:37.721 [error] <0.4791.0>@ejabberd_cassandra:handle_info:162 Error happened: {badmatch,{error,badarg}}
2018-09-17 17:19:37.841 [error] <0.4819.0>@ejabberd_cassandra:connect:198 Exception connecting {badmatch,{error,badarg}}
2018-09-17 17:19:37.841 [error] <0.4819.0>@ejabberd_cassandra:handle_info:162 Error happened: {badmatch,{error,badarg}}
2018-09-17 17:19:37.843 [error] <0.4820.0>@ejabberd_cassandra:connect:198 Exception connecting {badmatch,{error,badarg}}
2018-09-17 17:19:37.843 [error] <0.4820.0>@ejabberd_cassandra:handle_info:162 Error happened: {badmatch,{error,badarg}}
2018-09-17 17:19:37.845 [error] <0.4822.0>@ejabberd_cassandra:connect:198 Exception connecting {badmatch,{error,badarg}}
2018-09-17 17:19:37.845 [error] <0.4822.0>@ejabberd_cassandra:handle_info:162 Error happened: {badmatch,{error,badarg}}
2018-09-17 17:19:37.847 [error] <0.4824.0>@ejabberd_cassandra:connect:198 Exception connecting {badmatch,{error,badarg}}
2018-09-17 17:19:37.847 [error] <0.4824.0>@ejabberd_cassandra:handle_info:162 Error happened: {badmatch,{error,badarg}}
2018-09-17 17:19:37.849 [error] <0.4826.0>@ejabberd_cassandra:connect:198 Exception connecting {badmatch,{error,badarg}}
2018-09-17 17:19:37.849 [error] <0.4826.0>@ejabberd_cassandra:handle_info:162 Error happened: {badmatch,{error,badarg}}
2018-09-17 17:19:37.851 [error] <0.4827.0>@ejabberd_cassandra:connect:198 Exception connecting {badmatch,{error,badarg}}
2018-09-17 17:19:37.851 [error] <0.4827.0>@ejabberd_cassandra:handle_info:162 Error happened: {badmatch,{error,badarg}}
2018-09-17 17:19:37.853 [error] <0.4829.0>@ejabberd_cassandra:connect:198 Exception connecting {badmatch,{error,badarg}}
2018-09-17 17:19:37.853 [error] <0.4829.0>@ejabberd_cassandra:handle_info:162 Error happened: {badmatch,{error,badarg}}
2018-09-17 17:19:37.854 [error] <0.4830.0>@ejabberd_cassandra:connect:198 Exception connecting {badmatch,{error,badarg}}
2018-09-17 17:19:37.854 [error] <0.4830.0>@ejabberd_cassandra:handle_info:162 Error happened: {badmatch,{error,badarg}}
2018-09-17 17:19:38.054 [error] <0.4833.0>@ejabberd_cassandra:connect:198 Exception connecting {badmatch,{error,badarg}}
2018-09-17 17:19:38.054 [error] <0.4833.0>@ejabberd_cassandra:handle_info:162 Error happened: {badmatch,{error,badarg}}
2018-09-17 17:19:38.056 [error] <0.4834.0>@ejabberd_cassandra:connect:198 Exception connecting {badmatch,{error,badarg}}
2018-09-17 17:19:38.056 [error] <0.4834.0>@ejabberd_cassandra:handle_info:162 Error happened: {badmatch,{error,badarg}}
2018-09-17 17:19:38.058 [error] <0.4836.0>@ejabberd_cassandra:connect:198 Exception connecting {badmatch,{error,badarg}}
2018-09-17 17:19:38.058 [error] <0.4836.0>@ejabberd_cassandra:handle_info:162 Error happened: {badmatch,{error,badarg}}
2018-09-17 17:19:38.059 [error] <0.4837.0>@ejabberd_cassandra:connect:198 Exception connecting {badmatch,{error,badarg}}
2018-09-17 17:19:38.059 [error] <0.4837.0>@ejabberd_cassandra:handle_info:162 Error happened: {badmatch,{error,badarg}}
2018-09-17 17:19:38.061 [error] <0.4839.0>@ejabberd_cassandra:connect:198 Exception connecting {badmatch,{error,badarg}}
2018-09-17 17:19:38.061 [error] <0.4839.0>@ejabberd_cassandra:handle_info:162 Error happened: {badmatch,{error,badarg}}
2018-09-17 17:19:38.063 [error] <0.4840.0>@ejabberd_cassandra:connect:198 Exception connecting {badmatch,{error,badarg}}
2018-09-17 17:19:38.063 [error] <0.4840.0>@ejabberd_cassandra:handle_info:162 Error happened: {badmatch,{error,badarg}}
2018-09-17 17:19:38.065 [error] <0.4842.0>@ejabberd_cassandra:connect:198 Exception connecting {badmatch,{error,badarg}}
2018-09-17 17:19:38.065 [error] <0.4842.0>@ejabberd_cassandra:handle_info:162 Error happened: {badmatch,{error,badarg}}
2018-09-17 17:19:38.066 [error] <0.4843.0>@ejabberd_cassandra:connect:198 Exception connecting {badmatch,{error,badarg}}
2018-09-17 17:19:38.066 [error] <0.4843.0>@ejabberd_cassandra:handle_info:162 Error happened: {badmatch,{error,badarg}}
2018-09-17 17:19:38.068 [error] <0.4845.0>@ejabberd_cassandra:connect:198 Exception connecting {badmatch,{error,badarg}}
2018-09-17 17:19:38.068 [error] <0.4845.0>@ejabberd_cassandra:handle_info:162 Error happened: {badmatch,{error,badarg}}
2018-09-17 17:19:38.069 [error] <0.4846.0>@ejabberd_cassandra:connect:198 Exception connecting {badmatch,{error,badarg}}
2018-09-17 17:19:38.069 [error] <0.4846.0>@ejabberd_cassandra:handle_info:162 Error happened: {badmatch,{error,badarg}}
2018-09-17 17:19:38.071 [error] <0.4848.0>@ejabberd_cassandra:connect:198 Exception connecting {badmatch,{error,badarg}}
2018-09-17 17:19:38.071 [error] <0.4848.0>@ejabberd_cassandra:handle_info:162 Error happened: {badmatch,{error,badarg}}
2018-09-17 17:19:38.072 [error] <0.4849.0>@ejabberd_cassandra:connect:198 Exception connecting {badmatch,{error,badarg}}
2018-09-17 17:19:38.072 [error] <0.4849.0>@ejabberd_cassandra:handle_info:162 Error happened: {badmatch,{error,badarg}}
2018-09-17 17:21:59.729 [error] <0.7002.0>@ejabberd_cassandra:connect:197 Exception connecting {badmatch,{error,badarg}}
2018-09-17 17:21:59.729 [error] <0.7002.0>@ejabberd_cassandra:handle_info:162 Error happened: {badmatch,{error,badarg}}
2018-09-17 17:21:59.730 [error] <0.7008.0>@ejabberd_cassandra:connect:197 Exception connecting {badmatch,{error,badarg}}
2018-09-17 17:21:59.730 [error] <0.7008.0>@ejabberd_cassandra:handle_info:162 Error happened: {badmatch,{error,badarg}}
2018-09-17 17:21:59.848 [error] <0.7035.0>@ejabberd_cassandra:connect:197 Exception connecting {badmatch,{error,badarg}}
2018-09-17 17:21:59.848 [error] <0.7035.0>@ejabberd_cassandra:handle_info:162 Error happened: {badmatch,{error,badarg}}
2018-09-17 17:21:59.849 [error] <0.7037.0>@ejabberd_cassandra:connect:197 Exception connecting {badmatch,{error,badarg}}
2018-09-17 17:21:59.849 [error] <0.7037.0>@ejabberd_cassandra:handle_info:162 Error happened: {badmatch,{error,badarg}}
2018-09-17 17:21:59.853 [error] <0.7039.0>@ejabberd_cassandra:connect:197 Exception connecting {badmatch,{error,badarg}}
2018-09-17 17:21:59.853 [error] <0.7039.0>@ejabberd_cassandra:handle_info:162 Error happened: {badmatch,{error,badarg}}
2018-09-17 17:21:59.855 [error] <0.7042.0>@ejabberd_cassandra:connect:197 Exception connecting {badmatch,{error,badarg}}
2018-09-17 17:21:59.855 [error] <0.7042.0>@ejabberd_cassandra:handle_info:162 Error happened: {badmatch,{error,badarg}}
2018-09-17 17:21:59.858 [error] <0.7044.0>@ejabberd_cassandra:connect:197 Exception connecting {badmatch,{error,badarg}}
2018-09-17 17:21:59.858 [error] <0.7044.0>@ejabberd_cassandra:handle_info:162 Error happened: {badmatch,{error,badarg}}
2018-09-17 17:21:59.859 [error] <0.7045.0>@ejabberd_cassandra:connect:197 Exception connecting {badmatch,{error,badarg}}
2018-09-17 17:21:59.859 [error] <0.7045.0>@ejabberd_cassandra:handle_info:162 Error happened: {badmatch,{error,badarg}}
2018-09-17 17:21:59.861 [error] <0.7047.0>@ejabberd_cassandra:connect:197 Exception connecting {badmatch,{error,badarg}}
2018-09-17 17:21:59.861 [error] <0.7047.0>@ejabberd_cassandra:handle_info:162 Error happened: {badmatch,{error,badarg}}
2018-09-17 17:21:59.862 [error] <0.7048.0>@ejabberd_cassandra:connect:197 Exception connecting {badmatch,{error,badarg}}
2018-09-17 17:21:59.862 [error] <0.7048.0>@ejabberd_cassandra:handle_info:162 Error happened: {badmatch,{error,badarg}}
2018-09-17 17:21:59.864 [error] <0.7050.0>@ejabberd_cassandra:connect:197 Exception connecting {badmatch,{error,badarg}}
2018-09-17 17:21:59.864 [error] <0.7050.0>@ejabberd_cassandra:handle_info:162 Error happened: {badmatch,{error,badarg}}
2018-09-17 17:21:59.865 [error] <0.7051.0>@ejabberd_cassandra:connect:197 Exception connecting {badmatch,{error,badarg}}
2018-09-17 17:21:59.865 [error] <0.7051.0>@ejabberd_cassandra:handle_info:162 Error happened: {badmatch,{error,badarg}}
2018-09-17 17:21:59.867 [error] <0.7053.0>@ejabberd_cassandra:connect:197 Exception connecting {badmatch,{error,badarg}}
2018-09-17 17:21:59.867 [error] <0.7053.0>@ejabberd_cassandra:handle_info:162 Error happened: {badmatch,{error,badarg}}
2018-09-17 17:21:59.868 [error] <0.7054.0>@ejabberd_cassandra:connect:197 Exception connecting {badmatch,{error,badarg}}
2018-09-17 17:21:59.868 [error] <0.7054.0>@ejabberd_cassandra:handle_info:162 Error happened: {badmatch,{error,badarg}}
2018-09-17 17:21:59.871 [error] <0.7056.0>@ejabberd_cassandra:connect:197 Exception connecting {badmatch,{error,badarg}}
2018-09-17 17:21:59.871 [error] <0.7056.0>@ejabberd_cassandra:handle_info:162 Error happened: {badmatch,{error,badarg}}
2018-09-17 17:21:59.872 [error] <0.7057.0>@ejabberd_cassandra:connect:197 Exception connecting {badmatch,{error,badarg}}
2018-09-17 17:21:59.872 [error] <0.7057.0>@ejabberd_cassandra:handle_info:162 Error happened: {badmatch,{error,badarg}}
2018-09-17 17:22:00.195 [error] <0.7059.0>@ejabberd_cassandra:connect:197 Exception connecting {badmatch,{error,badarg}}
2018-09-17 17:22:00.195 [error] <0.7059.0>@ejabberd_cassandra:handle_info:162 Error happened: {badmatch,{error,badarg}}
2018-09-17 17:22:00.196 [error] <0.7060.0>@ejabberd_cassandra:connect:197 Exception connecting {badmatch,{error,badarg}}
2018-09-17 17:22:00.196 [error] <0.7060.0>@ejabberd_cassandra:handle_info:162 Error happened: {badmatch,{error,badarg}}
2018-09-17 17:22:00.198 [error] <0.7062.0>@ejabberd_cassandra:connect:197 Exception connecting {badmatch,{error,badarg}}
2018-09-17 17:22:00.198 [error] <0.7062.0>@ejabberd_cassandra:handle_info:162 Error happened: {badmatch,{error,badarg}}
2018-09-17 17:22:00.199 [error] <0.7063.0>@ejabberd_cassandra:connect:197 Exception connecting {badmatch,{error,badarg}}
2018-09-17 17:22:00.199 [error] <0.7063.0>@ejabberd_cassandra:handle_info:162 Error happened: {badmatch,{error,badarg}}
2018-09-17 17:22:00.201 [error] <0.7065.0>@ejabberd_cassandra:connect:197 Exception connecting {badmatch,{error,badarg}}
2018-09-17 17:22:00.201 [error] <0.7065.0>@ejabberd_cassandra:handle_info:162 Error happened: {badmatch,{error,badarg}}
2018-09-17 17:22:00.202 [error] <0.7066.0>@ejabberd_cassandra:connect:197 Exception connecting {badmatch,{error,badarg}}
2018-09-17 17:22:00.202 [error] <0.7066.0>@ejabberd_cassandra:handle_info:162 Error happened: {badmatch,{error,badarg}}
2018-09-17 17:23:05.774 [error] <0.9216.0>@ejabberd_cassandra:connect:195 Exception connecting function_clause
2018-09-17 17:23:05.774 [error] <0.9216.0>@ejabberd_cassandra:handle_info:162 Error happened: function_clause
2018-09-17 17:23:05.776 [error] <0.9222.0>@ejabberd_cassandra:connect:195 Exception connecting function_clause
2018-09-17 17:23:05.776 [error] <0.9222.0>@ejabberd_cassandra:handle_info:162 Error happened: function_clause
2018-09-17 17:23:05.889 [error] <0.9250.0>@ejabberd_cassandra:connect:195 Exception connecting function_clause
2018-09-17 17:23:05.889 [error] <0.9250.0>@ejabberd_cassandra:handle_info:162 Error happened: function_clause
2018-09-17 17:23:05.891 [error] <0.9251.0>@ejabberd_cassandra:connect:195 Exception connecting function_clause
2018-09-17 17:23:05.891 [error] <0.9251.0>@ejabberd_cassandra:handle_info:162 Error happened: function_clause
2018-09-17 17:23:05.894 [error] <0.9253.0>@ejabberd_cassandra:connect:195 Exception connecting function_clause
2018-09-17 17:23:05.894 [error] <0.9253.0>@ejabberd_cassandra:handle_info:162 Error happened: function_clause
2018-09-17 17:23:05.895 [error] <0.9254.0>@ejabberd_cassandra:connect:195 Exception connecting function_clause
2018-09-17 17:23:05.895 [error] <0.9254.0>@ejabberd_cassandra:handle_info:162 Error happened: function_clause
2018-09-17 17:23:05.898 [error] <0.9257.0>@ejabberd_cassandra:connect:195 Exception connecting function_clause
2018-09-17 17:23:05.898 [error] <0.9257.0>@ejabberd_cassandra:handle_info:162 Error happened: function_clause
2018-09-17 17:23:05.899 [error] <0.9259.0>@ejabberd_cassandra:connect:195 Exception connecting function_clause
2018-09-17 17:23:05.899 [error] <0.9259.0>@ejabberd_cassandra:handle_info:162 Error happened: function_clause
2018-09-17 17:23:05.902 [error] <0.9261.0>@ejabberd_cassandra:connect:195 Exception connecting function_clause
2018-09-17 17:23:05.902 [error] <0.9261.0>@ejabberd_cassandra:handle_info:162 Error happened: function_clause
2018-09-17 17:23:05.903 [error] <0.9262.0>@ejabberd_cassandra:connect:195 Exception connecting function_clause
2018-09-17 17:23:05.903 [error] <0.9262.0>@ejabberd_cassandra:handle_info:162 Error happened: function_clause
2018-09-17 17:23:05.905 [error] <0.9264.0>@ejabberd_cassandra:connect:195 Exception connecting function_clause
2018-09-17 17:23:05.905 [error] <0.9264.0>@ejabberd_cassandra:handle_info:162 Error happened: function_clause
2018-09-17 17:23:05.906 [error] <0.9265.0>@ejabberd_cassandra:connect:195 Exception connecting function_clause
2018-09-17 17:23:05.906 [error] <0.9265.0>@ejabberd_cassandra:handle_info:162 Error happened: function_clause
2018-09-17 17:23:06.226 [error] <0.9267.0>@ejabberd_cassandra:connect:195 Exception connecting function_clause
2018-09-17 17:23:06.226 [error] <0.9267.0>@ejabberd_cassandra:handle_info:162 Error happened: function_clause
2018-09-17 17:23:06.228 [error] <0.9268.0>@ejabberd_cassandra:connect:195 Exception connecting function_clause
2018-09-17 17:23:06.228 [error] <0.9268.0>@ejabberd_cassandra:handle_info:162 Error happened: function_clause
2018-09-17 17:23:06.230 [error] <0.9270.0>@ejabberd_cassandra:connect:195 Exception connecting function_clause
2018-09-17 17:23:06.230 [error] <0.9270.0>@ejabberd_cassandra:handle_info:162 Error happened: function_clause
2018-09-17 17:23:06.231 [error] <0.9271.0>@ejabberd_cassandra:connect:195 Exception connecting function_clause
2018-09-17 17:23:06.231 [error] <0.9271.0>@ejabberd_cassandra:handle_info:162 Error happened: function_clause
2018-09-17 17:23:06.233 [error] <0.9273.0>@ejabberd_cassandra:connect:195 Exception connecting function_clause
2018-09-17 17:23:06.233 [error] <0.9273.0>@ejabberd_cassandra:handle_info:162 Error happened: function_clause
2018-09-17 17:23:06.234 [error] <0.9274.0>@ejabberd_cassandra:connect:195 Exception connecting function_clause
2018-09-17 17:23:06.234 [error] <0.9274.0>@ejabberd_cassandra:handle_info:162 Error happened: function_clause
2018-09-17 17:23:06.236 [error] <0.9276.0>@ejabberd_cassandra:connect:195 Exception connecting function_clause
2018-09-17 17:23:06.236 [error] <0.9276.0>@ejabberd_cassandra:handle_info:162 Error happened: function_clause
2018-09-17 17:23:06.238 [error] <0.9277.0>@ejabberd_cassandra:connect:195 Exception connecting function_clause
2018-09-17 17:23:06.238 [error] <0.9277.0>@ejabberd_cassandra:handle_info:162 Error happened: function_clause
2018-09-17 17:23:06.430 [error] <0.9279.0>@ejabberd_cassandra:connect:195 Exception connecting function_clause
2018-09-17 17:23:06.430 [error] <0.9279.0>@ejabberd_cassandra:handle_info:162 Error happened: function_clause
2018-09-17 17:23:06.431 [error] <0.9280.0>@ejabberd_cassandra:connect:195 Exception connecting function_clause
2018-09-17 17:23:06.431 [error] <0.9280.0>@ejabberd_cassandra:handle_info:162 Error happened: function_clause
2018-09-17 17:26:27.959 [error] <0.9355.0>@ejabberd_cassandra:connect:195 Exception connecting function_clause
2018-09-17 17:26:27.959 [error] <0.9355.0>@ejabberd_cassandra:handle_info:162 Error happened: function_clause
2018-09-17 17:26:27.960 [error] <0.9363.0>@ejabberd_cassandra:connect:195 Exception connecting function_clause
2018-09-17 17:26:27.960 [error] <0.9363.0>@ejabberd_cassandra:handle_info:162 Error happened: function_clause
2018-09-17 17:26:28.093 [error] <0.9389.0>@ejabberd_cassandra:connect:195 Exception connecting function_clause
2018-09-17 17:26:28.093 [error] <0.9389.0>@ejabberd_cassandra:handle_info:162 Error happened: function_clause
2018-09-17 17:26:28.094 [error] <0.9390.0>@ejabberd_cassandra:connect:195 Exception connecting function_clause
2018-09-17 17:26:28.094 [error] <0.9390.0>@ejabberd_cassandra:handle_info:162 Error happened: function_clause
2018-09-17 17:26:28.096 [error] <0.9392.0>@ejabberd_cassandra:connect:195 Exception connecting function_clause
2018-09-17 17:26:28.096 [error] <0.9392.0>@ejabberd_cassandra:handle_info:162 Error happened: function_clause
2018-09-17 17:26:28.098 [error] <0.9393.0>@ejabberd_cassandra:connect:195 Exception connecting function_clause
2018-09-17 17:26:28.098 [error] <0.9393.0>@ejabberd_cassandra:handle_info:162 Error happened: function_clause
2018-09-17 17:26:28.099 [error] <0.9396.0>@ejabberd_cassandra:connect:195 Exception connecting function_clause
2018-09-17 17:26:28.099 [error] <0.9396.0>@ejabberd_cassandra:handle_info:162 Error happened: function_clause
2018-09-17 17:26:28.101 [error] <0.9397.0>@ejabberd_cassandra:connect:195 Exception connecting function_clause
2018-09-17 17:26:28.101 [error] <0.9397.0>@ejabberd_cassandra:handle_info:162 Error happened: function_clause
2018-09-17 17:26:28.102 [error] <0.9399.0>@ejabberd_cassandra:connect:195 Exception connecting function_clause
2018-09-17 17:26:28.102 [error] <0.9399.0>@ejabberd_cassandra:handle_info:162 Error happened: function_clause
2018-09-17 17:26:28.104 [error] <0.9400.0>@ejabberd_cassandra:connect:195 Exception connecting function_clause
2018-09-17 17:26:28.104 [error] <0.9400.0>@ejabberd_cassandra:handle_info:162 Error happened: function_clause
2018-09-17 17:26:28.282 [error] <0.9403.0>@ejabberd_cassandra:connect:195 Exception connecting function_clause
2018-09-17 17:26:28.282 [error] <0.9403.0>@ejabberd_cassandra:handle_info:162 Error happened: function_clause
2018-09-17 17:26:28.283 [error] <0.9404.0>@ejabberd_cassandra:connect:195 Exception connecting function_clause
2018-09-17 17:26:28.283 [error] <0.9404.0>@ejabberd_cassandra:handle_info:162 Error happened: function_clause
2018-09-17 17:26:28.285 [error] <0.9406.0>@ejabberd_cassandra:connect:195 Exception connecting function_clause
2018-09-17 17:26:28.285 [error] <0.9406.0>@ejabberd_cassandra:handle_info:162 Error happened: function_clause
2018-09-17 17:26:28.286 [error] <0.9407.0>@ejabberd_cassandra:connect:195 Exception connecting function_clause
2018-09-17 17:26:28.286 [error] <0.9407.0>@ejabberd_cassandra:handle_info:162 Error happened: function_clause
2018-09-17 17:26:28.287 [error] <0.9409.0>@ejabberd_cassandra:connect:195 Exception connecting function_clause
2018-09-17 17:26:28.287 [error] <0.9409.0>@ejabberd_cassandra:handle_info:162 Error happened: function_clause
2018-09-17 17:26:28.288 [error] <0.9410.0>@ejabberd_cassandra:connect:195 Exception connecting function_clause
2018-09-17 17:26:28.288 [error] <0.9410.0>@ejabberd_cassandra:handle_info:162 Error happened: function_clause
2018-09-17 17:26:28.290 [error] <0.9412.0>@ejabberd_cassandra:connect:195 Exception connecting function_clause
2018-09-17 17:26:28.290 [error] <0.9412.0>@ejabberd_cassandra:handle_info:162 Error happened: function_clause
2018-09-17 17:26:28.291 [error] <0.9413.0>@ejabberd_cassandra:connect:195 Exception connecting function_clause
2018-09-17 17:26:28.291 [error] <0.9413.0>@ejabberd_cassandra:handle_info:162 Error happened: function_clause
2018-09-17 17:26:28.292 [error] <0.9415.0>@ejabberd_cassandra:connect:195 Exception connecting function_clause
2018-09-17 17:26:28.292 [error] <0.9415.0>@ejabberd_cassandra:handle_info:162 Error happened: function_clause
2018-09-17 17:26:28.500 [error] <0.9416.0>@ejabberd_cassandra:connect:195 Exception connecting function_clause
2018-09-17 17:26:28.500 [error] <0.9416.0>@ejabberd_cassandra:handle_info:162 Error happened: function_clause
2018-09-17 17:26:28.502 [error] <0.9418.0>@ejabberd_cassandra:connect:195 Exception connecting function_clause
2018-09-17 17:26:28.502 [error] <0.9418.0>@ejabberd_cassandra:handle_info:162 Error happened: function_clause
2018-09-17 17:26:28.503 [error] <0.9419.0>@ejabberd_cassandra:connect:195 Exception connecting function_clause
2018-09-17 17:26:28.503 [error] <0.9419.0>@ejabberd_cassandra:handle_info:162 Error happened: function_clause
2018-09-17 17:37:36.082 [error] <0.9530.0>@ejabberd_cassandra:connect:195 Exception connecting function_clause
2018-09-17 17:37:36.082 [error] <0.9530.0>@ejabberd_cassandra:handle_info:162 Error happened: function_clause
2018-09-17 17:37:36.083 [error] <0.9536.0>@ejabberd_cassandra:connect:195 Exception connecting function_clause
2018-09-17 17:37:36.083 [error] <0.9536.0>@ejabberd_cassandra:handle_info:162 Error happened: function_clause
2018-09-17 17:37:36.228 [error] <0.9564.0>@ejabberd_cassandra:connect:195 Exception connecting function_clause
2018-09-17 17:37:36.228 [error] <0.9564.0>@ejabberd_cassandra:handle_info:162 Error happened: function_clause
2018-09-17 17:37:36.229 [error] <0.9565.0>@ejabberd_cassandra:connect:195 Exception connecting function_clause
2018-09-17 17:37:36.229 [error] <0.9565.0>@ejabberd_cassandra:handle_info:162 Error happened: function_clause
2018-09-17 17:37:36.231 [error] <0.9567.0>@ejabberd_cassandra:connect:195 Exception connecting function_clause
2018-09-17 17:37:36.231 [error] <0.9567.0>@ejabberd_cassandra:handle_info:162 Error happened: function_clause
2018-09-17 17:37:36.232 [error] <0.9568.0>@ejabberd_cassandra:connect:195 Exception connecting function_clause
2018-09-17 17:37:36.232 [error] <0.9568.0>@ejabberd_cassandra:handle_info:162 Error happened: function_clause
2018-09-17 17:37:36.234 [error] <0.9570.0>@ejabberd_cassandra:connect:195 Exception connecting function_clause
2018-09-17 17:37:36.234 [error] <0.9570.0>@ejabberd_cassandra:handle_info:162 Error happened: function_clause
2018-09-17 17:37:36.235 [error] <0.9572.0>@ejabberd_cassandra:connect:195 Exception connecting function_clause
2018-09-17 17:37:36.235 [error] <0.9572.0>@ejabberd_cassandra:handle_info:162 Error happened: function_clause
2018-09-17 17:37:36.236 [error] <0.9574.0>@ejabberd_cassandra:connect:195 Exception connecting function_clause
2018-09-17 17:37:36.236 [error] <0.9574.0>@ejabberd_cassandra:handle_info:162 Error happened: function_clause
2018-09-17 17:37:36.237 [error] <0.9575.0>@ejabberd_cassandra:connect:195 Exception connecting function_clause
2018-09-17 17:37:36.237 [error] <0.9575.0>@ejabberd_cassandra:handle_info:162 Error happened: function_clause
2018-09-17 17:37:36.239 [error] <0.9577.0>@ejabberd_cassandra:connect:195 Exception connecting function_clause
2018-09-17 17:37:36.239 [error] <0.9577.0>@ejabberd_cassandra:handle_info:162 Error happened: function_clause
2018-09-17 17:37:36.444 [error] <0.9579.0>@ejabberd_cassandra:connect:195 Exception connecting function_clause
2018-09-17 17:37:36.444 [error] <0.9579.0>@ejabberd_cassandra:handle_info:162 Error happened: function_clause
2018-09-17 17:37:36.446 [error] <0.9581.0>@ejabberd_cassandra:connect:195 Exception connecting function_clause
2018-09-17 17:37:36.446 [error] <0.9581.0>@ejabberd_cassandra:handle_info:162 Error happened: function_clause
2018-09-17 17:37:36.447 [error] <0.9582.0>@ejabberd_cassandra:connect:195 Exception connecting function_clause
2018-09-17 17:37:36.447 [error] <0.9582.0>@ejabberd_cassandra:handle_info:162 Error happened: function_clause
2018-09-17 17:37:36.449 [error] <0.9584.0>@ejabberd_cassandra:connect:195 Exception connecting function_clause
2018-09-17 17:37:36.449 [error] <0.9584.0>@ejabberd_cassandra:handle_info:162 Error happened: function_clause
2018-09-17 17:37:36.451 [error] <0.9585.0>@ejabberd_cassandra:connect:195 Exception connecting function_clause
2018-09-17 17:37:36.451 [error] <0.9585.0>@ejabberd_cassandra:handle_info:162 Error happened: function_clause
2018-09-17 17:37:36.452 [error] <0.9587.0>@ejabberd_cassandra:connect:195 Exception connecting function_clause
2018-09-17 17:37:36.452 [error] <0.9587.0>@ejabberd_cassandra:handle_info:162 Error happened: function_clause
2018-09-17 17:37:36.454 [error] <0.9588.0>@ejabberd_cassandra:connect:195 Exception connecting function_clause
2018-09-17 17:37:36.454 [error] <0.9588.0>@ejabberd_cassandra:handle_info:162 Error happened: function_clause
2018-09-17 17:37:36.456 [error] <0.9590.0>@ejabberd_cassandra:connect:195 Exception connecting function_clause
2018-09-17 17:37:36.456 [error] <0.9590.0>@ejabberd_cassandra:handle_info:162 Error happened: function_clause
2018-09-17 17:37:36.719 [error] <0.9591.0>@ejabberd_cassandra:connect:195 Exception connecting function_clause
2018-09-17 17:37:36.719 [error] <0.9591.0>@ejabberd_cassandra:handle_info:162 Error happened: function_clause
2018-09-17 17:37:36.721 [error] <0.9593.0>@ejabberd_cassandra:connect:195 Exception connecting function_clause
2018-09-17 17:37:36.721 [error] <0.9593.0>@ejabberd_cassandra:handle_info:162 Error happened: function_clause
2018-09-17 17:37:36.722 [error] <0.9594.0>@ejabberd_cassandra:connect:195 Exception connecting function_clause
2018-09-17 17:37:36.722 [error] <0.9594.0>@ejabberd_cassandra:handle_info:162 Error happened: function_clause
2018-09-17 18:12:56.000 [error] <0.18458.0>@ejabberd_cassandra:connect:194 Exception connecting function_clause
2018-09-17 18:12:56.000 [error] <0.18458.0>@ejabberd_cassandra:handle_info:162 Error happened: function_clause
2018-09-17 18:12:56.001 [error] <0.18464.0>@ejabberd_cassandra:connect:194 Exception connecting function_clause
2018-09-17 18:12:56.001 [error] <0.18464.0>@ejabberd_cassandra:handle_info:162 Error happened: function_clause
2018-09-17 18:12:56.134 [error] <0.18492.0>@ejabberd_cassandra:connect:194 Exception connecting function_clause
2018-09-17 18:12:56.134 [error] <0.18492.0>@ejabberd_cassandra:handle_info:162 Error happened: function_clause
2018-09-17 18:12:56.135 [error] <0.18493.0>@ejabberd_cassandra:connect:194 Exception connecting function_clause
2018-09-17 18:12:56.135 [error] <0.18493.0>@ejabberd_cassandra:handle_info:162 Error happened: function_clause
2018-09-17 18:12:56.137 [error] <0.18495.0>@ejabberd_cassandra:connect:194 Exception connecting function_clause
2018-09-17 18:12:56.137 [error] <0.18495.0>@ejabberd_cassandra:handle_info:162 Error happened: function_clause
2018-09-17 18:12:56.138 [error] <0.18496.0>@ejabberd_cassandra:connect:194 Exception connecting function_clause
2018-09-17 18:12:56.138 [error] <0.18496.0>@ejabberd_cassandra:handle_info:162 Error happened: function_clause
2018-09-17 18:12:56.140 [error] <0.18499.0>@ejabberd_cassandra:connect:194 Exception connecting function_clause
2018-09-17 18:12:56.140 [error] <0.18499.0>@ejabberd_cassandra:handle_info:162 Error happened: function_clause
2018-09-17 18:12:56.141 [error] <0.18500.0>@ejabberd_cassandra:connect:194 Exception connecting function_clause
2018-09-17 18:12:56.141 [error] <0.18500.0>@ejabberd_cassandra:handle_info:162 Error happened: function_clause
2018-09-17 18:12:56.143 [error] <0.18502.0>@ejabberd_cassandra:connect:194 Exception connecting function_clause
2018-09-17 18:12:56.143 [error] <0.18502.0>@ejabberd_cassandra:handle_info:162 Error happened: function_clause
2018-09-17 18:12:56.143 [error] <0.18503.0>@ejabberd_cassandra:connect:194 Exception connecting function_clause
2018-09-17 18:12:56.143 [error] <0.18503.0>@ejabberd_cassandra:handle_info:162 Error happened: function_clause
2018-09-17 18:12:56.320 [error] <0.18506.0>@ejabberd_cassandra:connect:194 Exception connecting function_clause
2018-09-17 18:12:56.320 [error] <0.18506.0>@ejabberd_cassandra:handle_info:162 Error happened: function_clause
2018-09-17 18:12:56.321 [error] <0.18507.0>@ejabberd_cassandra:connect:194 Exception connecting function_clause
2018-09-17 18:12:56.321 [error] <0.18507.0>@ejabberd_cassandra:handle_info:162 Error happened: function_clause
2018-09-17 18:12:56.323 [error] <0.18509.0>@ejabberd_cassandra:connect:194 Exception connecting function_clause
2018-09-17 18:12:56.323 [error] <0.18509.0>@ejabberd_cassandra:handle_info:162 Error happened: function_clause
2018-09-17 18:12:56.324 [error] <0.18510.0>@ejabberd_cassandra:connect:194 Exception connecting function_clause
2018-09-17 18:12:56.324 [error] <0.18510.0>@ejabberd_cassandra:handle_info:162 Error happened: function_clause
2018-09-17 18:12:56.325 [error] <0.18512.0>@ejabberd_cassandra:connect:194 Exception connecting function_clause
2018-09-17 18:12:56.326 [error] <0.18512.0>@ejabberd_cassandra:handle_info:162 Error happened: function_clause
2018-09-17 18:12:56.326 [error] <0.18513.0>@ejabberd_cassandra:connect:194 Exception connecting function_clause
2018-09-17 18:12:56.326 [error] <0.18513.0>@ejabberd_cassandra:handle_info:162 Error happened: function_clause
2018-09-17 18:12:56.328 [error] <0.18515.0>@ejabberd_cassandra:connect:194 Exception connecting function_clause
2018-09-17 18:12:56.328 [error] <0.18515.0>@ejabberd_cassandra:handle_info:162 Error happened: function_clause
2018-09-17 18:12:56.329 [error] <0.18516.0>@ejabberd_cassandra:connect:194 Exception connecting function_clause
2018-09-17 18:12:56.329 [error] <0.18516.0>@ejabberd_cassandra:handle_info:162 Error happened: function_clause
2018-09-17 18:12:56.331 [error] <0.18518.0>@ejabberd_cassandra:connect:194 Exception connecting function_clause
2018-09-17 18:12:56.331 [error] <0.18518.0>@ejabberd_cassandra:handle_info:162 Error happened: function_clause
2018-09-17 18:12:56.332 [error] <0.18519.0>@ejabberd_cassandra:connect:194 Exception connecting function_clause
2018-09-17 18:12:56.332 [error] <0.18519.0>@ejabberd_cassandra:handle_info:162 Error happened: function_clause
2018-09-17 18:12:56.616 [error] <0.18521.0>@ejabberd_cassandra:connect:194 Exception connecting function_clause
2018-09-17 18:12:56.616 [error] <0.18521.0>@ejabberd_cassandra:handle_info:162 Error happened: function_clause
2018-09-17 18:12:56.617 [error] <0.18522.0>@ejabberd_cassandra:connect:194 Exception connecting function_clause
2018-09-17 18:12:56.617 [error] <0.18522.0>@ejabberd_cassandra:handle_info:162 Error happened: function_clause
2018-09-17 21:45:53.847 [error] <0.20923.0>@ejabberd_cassandra:connect:194 Exception connecting function_clause
2018-09-17 21:45:53.847 [error] <0.20923.0>@ejabberd_cassandra:handle_info:162 Error happened: function_clause
2018-09-17 21:45:53.849 [error] <0.20929.0>@ejabberd_cassandra:connect:194 Exception connecting function_clause
2018-09-17 21:45:53.849 [error] <0.20929.0>@ejabberd_cassandra:handle_info:162 Error happened: function_clause
2018-09-17 21:45:53.966 [error] <0.20957.0>@ejabberd_cassandra:connect:194 Exception connecting function_clause
2018-09-17 21:45:53.966 [error] <0.20957.0>@ejabberd_cassandra:handle_info:162 Error happened: function_clause
2018-09-17 21:45:53.967 [error] <0.20958.0>@ejabberd_cassandra:connect:194 Exception connecting function_clause
2018-09-17 21:45:53.967 [error] <0.20958.0>@ejabberd_cassandra:handle_info:162 Error happened: function_clause
2018-09-17 21:45:53.969 [error] <0.20960.0>@ejabberd_cassandra:connect:194 Exception connecting function_clause
2018-09-17 21:45:53.969 [error] <0.20960.0>@ejabberd_cassandra:handle_info:162 Error happened: function_clause
2018-09-17 21:45:53.970 [error] <0.20961.0>@ejabberd_cassandra:connect:194 Exception connecting function_clause
2018-09-17 21:45:53.970 [error] <0.20961.0>@ejabberd_cassandra:handle_info:162 Error happened: function_clause
2018-09-17 21:45:53.972 [error] <0.20964.0>@ejabberd_cassandra:connect:194 Exception connecting function_clause
2018-09-17 21:45:53.972 [error] <0.20964.0>@ejabberd_cassandra:handle_info:162 Error happened: function_clause
2018-09-17 21:45:53.973 [error] <0.20965.0>@ejabberd_cassandra:connect:194 Exception connecting function_clause
2018-09-17 21:45:53.973 [error] <0.20965.0>@ejabberd_cassandra:handle_info:162 Error happened: function_clause
2018-09-17 21:45:53.975 [error] <0.20967.0>@ejabberd_cassandra:connect:194 Exception connecting function_clause
2018-09-17 21:45:53.975 [error] <0.20967.0>@ejabberd_cassandra:handle_info:162 Error happened: function_clause
2018-09-17 21:45:53.975 [error] <0.20968.0>@ejabberd_cassandra:connect:194 Exception connecting function_clause
2018-09-17 21:45:53.975 [error] <0.20968.0>@ejabberd_cassandra:handle_info:162 Error happened: function_clause
2018-09-17 21:45:53.977 [error] <0.20970.0>@ejabberd_cassandra:connect:194 Exception connecting function_clause
2018-09-17 21:45:53.977 [error] <0.20970.0>@ejabberd_cassandra:handle_info:162 Error happened: function_clause
2018-09-17 21:45:53.978 [error] <0.20971.0>@ejabberd_cassandra:connect:194 Exception connecting function_clause
2018-09-17 21:45:53.978 [error] <0.20971.0>@ejabberd_cassandra:handle_info:162 Error happened: function_clause
2018-09-17 21:45:54.205 [error] <0.20974.0>@ejabberd_cassandra:connect:194 Exception connecting function_clause
2018-09-17 21:45:54.205 [error] <0.20974.0>@ejabberd_cassandra:handle_info:162 Error happened: function_clause
2018-09-17 21:45:54.207 [error] <0.20975.0>@ejabberd_cassandra:connect:194 Exception connecting function_clause
2018-09-17 21:45:54.207 [error] <0.20975.0>@ejabberd_cassandra:handle_info:162 Error happened: function_clause
2018-09-17 21:45:54.208 [error] <0.20977.0>@ejabberd_cassandra:connect:194 Exception connecting function_clause
2018-09-17 21:45:54.208 [error] <0.20977.0>@ejabberd_cassandra:handle_info:162 Error happened: function_clause
2018-09-17 21:45:54.210 [error] <0.20978.0>@ejabberd_cassandra:connect:194 Exception connecting function_clause
2018-09-17 21:45:54.210 [error] <0.20978.0>@ejabberd_cassandra:handle_info:162 Error happened: function_clause
2018-09-17 21:45:54.211 [error] <0.20980.0>@ejabberd_cassandra:connect:194 Exception connecting function_clause
2018-09-17 21:45:54.211 [error] <0.20980.0>@ejabberd_cassandra:handle_info:162 Error happened: function_clause
2018-09-17 21:45:54.212 [error] <0.20981.0>@ejabberd_cassandra:connect:194 Exception connecting function_clause
2018-09-17 21:45:54.212 [error] <0.20981.0>@ejabberd_cassandra:handle_info:162 Error happened: function_clause
2018-09-17 21:45:54.214 [error] <0.20983.0>@ejabberd_cassandra:connect:194 Exception connecting function_clause
2018-09-17 21:45:54.214 [error] <0.20983.0>@ejabberd_cassandra:handle_info:162 Error happened: function_clause
2018-09-17 21:45:54.215 [error] <0.20984.0>@ejabberd_cassandra:connect:194 Exception connecting function_clause
2018-09-17 21:45:54.215 [error] <0.20984.0>@ejabberd_cassandra:handle_info:162 Error happened: function_clause
2018-09-17 21:45:54.217 [error] <0.20986.0>@ejabberd_cassandra:connect:194 Exception connecting function_clause
2018-09-17 21:45:54.217 [error] <0.20986.0>@ejabberd_cassandra:handle_info:162 Error happened: function_clause
2018-09-17 21:45:54.218 [error] <0.20987.0>@ejabberd_cassandra:connect:194 Exception connecting function_clause
2018-09-17 21:45:54.218 [error] <0.20987.0>@ejabberd_cassandra:handle_info:162 Error happened: function_clause
2018-09-17 22:14:27.216 [error] <0.23189.0>@ejabberd_cassandra:connect:194 Exception connecting function_clause
2018-09-17 22:14:27.216 [error] <0.23189.0>@ejabberd_cassandra:handle_info:162 Error happened: function_clause
2018-09-17 22:14:27.218 [error] <0.23195.0>@ejabberd_cassandra:connect:194 Exception connecting function_clause
2018-09-17 22:14:27.218 [error] <0.23195.0>@ejabberd_cassandra:handle_info:162 Error happened: function_clause
2018-09-17 22:14:27.347 [error] <0.23223.0>@ejabberd_cassandra:connect:194 Exception connecting function_clause
2018-09-17 22:14:27.347 [error] <0.23223.0>@ejabberd_cassandra:handle_info:162 Error happened: function_clause
2018-09-17 22:14:27.348 [error] <0.23224.0>@ejabberd_cassandra:connect:194 Exception connecting function_clause
2018-09-17 22:14:27.349 [error] <0.23224.0>@ejabberd_cassandra:handle_info:162 Error happened: function_clause
2018-09-17 22:14:27.350 [error] <0.23226.0>@ejabberd_cassandra:connect:194 Exception connecting function_clause
2018-09-17 22:14:27.350 [error] <0.23226.0>@ejabberd_cassandra:handle_info:162 Error happened: function_clause
2018-09-17 22:14:27.351 [error] <0.23227.0>@ejabberd_cassandra:connect:194 Exception connecting function_clause
2018-09-17 22:14:27.351 [error] <0.23227.0>@ejabberd_cassandra:handle_info:162 Error happened: function_clause
2018-09-17 22:14:27.353 [error] <0.23229.0>@ejabberd_cassandra:connect:194 Exception connecting function_clause
2018-09-17 22:14:27.353 [error] <0.23229.0>@ejabberd_cassandra:handle_info:162 Error happened: function_clause
2018-09-17 22:14:27.354 [error] <0.23231.0>@ejabberd_cassandra:connect:194 Exception connecting function_clause
2018-09-17 22:14:27.354 [error] <0.23231.0>@ejabberd_cassandra:handle_info:162 Error happened: function_clause
2018-09-17 22:14:27.355 [error] <0.23233.0>@ejabberd_cassandra:connect:194 Exception connecting function_clause
2018-09-17 22:14:27.355 [error] <0.23233.0>@ejabberd_cassandra:handle_info:162 Error happened: function_clause
2018-09-17 22:14:27.356 [error] <0.23234.0>@ejabberd_cassandra:connect:194 Exception connecting function_clause
2018-09-17 22:14:27.356 [error] <0.23234.0>@ejabberd_cassandra:handle_info:162 Error happened: function_clause
2018-09-17 22:14:27.357 [error] <0.23236.0>@ejabberd_cassandra:connect:194 Exception connecting function_clause
2018-09-17 22:14:27.357 [error] <0.23236.0>@ejabberd_cassandra:handle_info:162 Error happened: function_clause
2018-09-17 22:14:27.358 [error] <0.23237.0>@ejabberd_cassandra:connect:194 Exception connecting function_clause
2018-09-17 22:14:27.358 [error] <0.23237.0>@ejabberd_cassandra:handle_info:162 Error happened: function_clause
2018-09-17 22:14:27.597 [error] <0.23240.0>@ejabberd_cassandra:connect:194 Exception connecting function_clause
2018-09-17 22:14:27.597 [error] <0.23240.0>@ejabberd_cassandra:handle_info:162 Error happened: function_clause
2018-09-17 22:14:27.598 [error] <0.23241.0>@ejabberd_cassandra:connect:194 Exception connecting function_clause
2018-09-17 22:14:27.598 [error] <0.23241.0>@ejabberd_cassandra:handle_info:162 Error happened: function_clause
2018-09-17 22:14:27.600 [error] <0.23243.0>@ejabberd_cassandra:connect:194 Exception connecting function_clause
2018-09-17 22:14:27.600 [error] <0.23243.0>@ejabberd_cassandra:handle_info:162 Error happened: function_clause
2018-09-17 22:14:27.602 [error] <0.23244.0>@ejabberd_cassandra:connect:194 Exception connecting function_clause
2018-09-17 22:14:27.602 [error] <0.23244.0>@ejabberd_cassandra:handle_info:162 Error happened: function_clause
2018-09-17 22:14:27.604 [error] <0.23246.0>@ejabberd_cassandra:connect:194 Exception connecting function_clause
2018-09-17 22:14:27.604 [error] <0.23246.0>@ejabberd_cassandra:handle_info:162 Error happened: function_clause
2018-09-17 22:14:27.605 [error] <0.23247.0>@ejabberd_cassandra:connect:194 Exception connecting function_clause
2018-09-17 22:14:27.605 [error] <0.23247.0>@ejabberd_cassandra:handle_info:162 Error happened: function_clause
2018-09-17 22:14:27.606 [error] <0.23249.0>@ejabberd_cassandra:connect:194 Exception connecting function_clause
2018-09-17 22:14:27.606 [error] <0.23249.0>@ejabberd_cassandra:handle_info:162 Error happened: function_clause
2018-09-17 22:14:27.607 [error] <0.23250.0>@ejabberd_cassandra:connect:194 Exception connecting function_clause
2018-09-17 22:14:27.607 [error] <0.23250.0>@ejabberd_cassandra:handle_info:162 Error happened: function_clause
2018-09-17 22:14:27.800 [error] <0.23252.0>@ejabberd_cassandra:connect:194 Exception connecting function_clause
2018-09-17 22:14:27.800 [error] <0.23252.0>@ejabberd_cassandra:handle_info:162 Error happened: function_clause
2018-09-17 22:14:27.801 [error] <0.23253.0>@ejabberd_cassandra:connect:194 Exception connecting function_clause
2018-09-17 22:14:27.801 [error] <0.23253.0>@ejabberd_cassandra:handle_info:162 Error happened: function_clause
